[24-04-24 15:39:41] local.INFO: User Logged Out: Abhishek Wagle  
[24-04-24 15:40:45] local.ERROR: Registration validation errors: {"last_name":["The last name field is required."]}  
[24-04-24 15:41:02] local.INFO: Registration process started for email: sqaaasd@gmail.com  
[24-04-24 15:41:06] local.ERROR: Exception during registration: SQLSTATE[23000]: Integrity constraint violation: 1062 Duplicate entry '0' for key 'PRIMARY' (SQL: insert into `users` (`first_name`, `last_name`, `email`, `password`, `uuid`, `updated_at`, `created_at`) values (sqaaasd, gmail, sqaaasd@gmail.com, $2y$10$YaDk6JFwPXTazD4wo.vKE.dHC2y9USSOG.40Q3isTSDali3ugTiqO, 86d0692f-933c-4660-b3b4-caa7ff48d28b, 24-04-24 15:41:06, 24-04-24 15:41:06))  
[24-04-24 15:41:28] local.INFO: Registration process started for email: sqaaasd@gmail.com  
[24-04-24 15:41:29] local.ERROR: Exception during registration: SQLSTATE[23000]: Integrity constraint violation: 1062 Duplicate entry '0' for key 'PRIMARY' (SQL: insert into `users` (`first_name`, `last_name`, `email`, `password`, `uuid`, `updated_at`, `created_at`) values (sqaaasd, gmail, sqaaasd@gmail.com, $2y$10$y3qsA/w1Ra7arHxmvks8huJVsuqAQwnHO2iZbBK7h970xTe4PdUNa, df3a302d-3273-4ba3-9ac2-1d51d157e13a, 24-04-24 15:41:29, 24-04-24 15:41:29))  
[24-04-24 15:41:35] local.INFO: Registration process started for email: sqaaasd@gmail.com  
[24-04-24 15:41:35] local.ERROR: Exception during registration: SQLSTATE[23000]: Integrity constraint violation: 1062 Duplicate entry '0' for key 'PRIMARY' (SQL: insert into `users` (`first_name`, `last_name`, `email`, `password`, `uuid`, `updated_at`, `created_at`) values (sqaaasd, gmail, sqaaasd@gmail.com, $2y$10$DpcRC9FHN0i2S4ZjuUZIZulRr/5jKwUuHGjYS1k5yyxK5JvGh9I22, 55e7578c-4b41-40c3-aea6-e9e935dfb01b, 24-04-24 15:41:35, 24-04-24 15:41:35))  
[24-04-24 15:41:38] local.INFO: Registration process started for email: sqaaasd@gmail.com  
[24-04-24 15:41:38] local.ERROR: Exception during registration: SQLSTATE[23000]: Integrity constraint violation: 1062 Duplicate entry '0' for key 'PRIMARY' (SQL: insert into `users` (`first_name`, `last_name`, `email`, `password`, `uuid`, `updated_at`, `created_at`) values (sqaaasd, gmail, sqaaasd@gmail.com, $2y$10$Fda5VdQA9hBzmqkaXjzCVOhIGdMiKKSh62ULxsHhaRz/FhjvzEmbG, 757a5df2-8c42-415e-93f6-06539d842a6e, 24-04-24 15:41:38, 24-04-24 15:41:38))  
[24-04-24 15:50:59] local.INFO: Registration process started for email: sqaaasd@gmail.com  
[24-04-24 15:50:59] local.ERROR: Exception during registration: SQLSTATE[23000]: Integrity constraint violation: 1062 Duplicate entry '0' for key 'PRIMARY' (SQL: insert into `users` (`first_name`, `last_name`, `email`, `password`, `uuid`, `updated_at`, `created_at`) values (sqaaasd, gmail, sqaaasd@gmail.com, $2y$10$rFH4SXCzE48UFf7db7crvOqcg4sPHDL9kwMMhV7sZYI9UYTw0rOLS, 20a36409-1ee7-48ab-bc5c-674f99c72a8f, 24-04-24 15:50:59, 24-04-24 15:50:59))  
[24-04-24 15:51:04] local.INFO: Registration process started for email: sqaaasd@gmail.com  
[24-04-24 15:51:05] local.ERROR: Exception during registration: SQLSTATE[23000]: Integrity constraint violation: 1062 Duplicate entry '0' for key 'PRIMARY' (SQL: insert into `users` (`first_name`, `last_name`, `email`, `password`, `uuid`, `updated_at`, `created_at`) values (sqaaasd, gmail, sqaaasd@gmail.com, $2y$10$BZqngHEl/fyhU86omAUJ0O84nfsCExES081LW9xrpFEbl0nAywJJi, c52260e5-93cd-4830-8368-ddc7eb152cd8, 24-04-24 15:51:05, 24-04-24 15:51:05))  
[24-04-24 15:53:47] local.INFO: User Logged Out: Abhishek Wagle  
[24-04-24 15:56:11] local.INFO: User Logged Out: Admin Istrator  
[24-04-24 16:00:42] local.INFO: -----------------------------------  
[24-04-24 16:00:42] local.INFO: stripe payment function  
[24-04-24 16:00:42] local.INFO: Entering stripePayment method for user ID: 3  
[24-04-24 16:00:52] local.INFO: Stripe payment request sent for user ID: 3  
[24-04-24 16:00:52] local.INFO: Stripe payment successful for user ID: 3  
[24-04-24 16:00:52] local.INFO: Cart controller - make order function  
[24-04-24 16:00:52] local.INFO: Entering makeOrder method for user ID: 3 at: 2024-04-24T16:00  
[24-04-24 16:00:52] local.ERROR: Error in makeOrder for user ID 3: SQLSTATE[23000]: Integrity constraint violation: 1062 Duplicate entry '0' for key 'PRIMARY' (SQL: insert into `orders` (`user_id`, `reference_no`, `amount`, `status`, `coupon_id`, `payment_type`, `created_at`, `updated_at`) values (3, c0EgUW0p, 66.84, 1, 0, 3, 2024-04-24T16:00, 2024-04-24T16:00)) at: 2024-04-24T16:00  
[24-04-24 16:00:52] local.ERROR: Error in stripePayment for user ID 3: SQLSTATE[23000]: Integrity constraint violation: 1062 Duplicate entry '0' for key 'PRIMARY' (SQL: insert into `orders` (`user_id`, `reference_no`, `amount`, `status`, `coupon_id`, `payment_type`, `created_at`, `updated_at`) values (3, c0EgUW0p, 66.84, 1, 0, 3, 2024-04-24T16:00, 2024-04-24T16:00))  
[24-04-24 16:00:52] local.INFO: Payment failed. Redirecting with failure message.  
[24-04-24 16:01:51] local.INFO: -----------------------------------  
[24-04-24 16:01:51] local.INFO: stripe payment function  
[24-04-24 16:01:51] local.INFO: Entering stripePayment method for user ID: 3  
[24-04-24 16:01:52] local.INFO: Stripe payment request sent for user ID: 3  
[24-04-24 16:01:52] local.INFO: Stripe payment successful for user ID: 3  
[24-04-24 16:01:52] local.INFO: Cart controller - make order function  
[24-04-24 16:01:52] local.INFO: Entering makeOrder method for user ID: 3 at: 2024-04-24T16:01  
[24-04-24 16:01:52] local.ERROR: Error in makeOrder for user ID 3: SQLSTATE[23000]: Integrity constraint violation: 1062 Duplicate entry '0' for key 'PRIMARY' (SQL: insert into `orders` (`user_id`, `reference_no`, `amount`, `status`, `coupon_id`, `payment_type`, `created_at`, `updated_at`) values (3, pCpNhNPc, 66.84, 1, 0, 3, 2024-04-24T16:01, 2024-04-24T16:01)) at: 2024-04-24T16:01  
[24-04-24 16:01:52] local.ERROR: Error in stripePayment for user ID 3: SQLSTATE[23000]: Integrity constraint violation: 1062 Duplicate entry '0' for key 'PRIMARY' (SQL: insert into `orders` (`user_id`, `reference_no`, `amount`, `status`, `coupon_id`, `payment_type`, `created_at`, `updated_at`) values (3, pCpNhNPc, 66.84, 1, 0, 3, 2024-04-24T16:01, 2024-04-24T16:01))  
[24-04-24 16:01:52] local.INFO: Payment failed. Redirecting with failure message.  
[24-04-24 16:02:14] local.INFO: User Logged Out: Abhishek Wagle  
[24-04-24 16:03:01] local.ERROR: ErrorException: Trying to get property 'amount' of non-object in C:\xampp\htdocs\language\app\Http\Controllers\Backend\PaymentController.php:42
Stack trace:
#0 C:\xampp\htdocs\language\app\Http\Controllers\Backend\PaymentController.php(42): Illuminate\Foundation\Bootstrap\HandleExceptions->handleError(8, 'Trying to get p...', 'C:\\xampp\\htdocs...', 42, Array)
#1 C:\xampp\htdocs\language\vendor\laravel\framework\src\Illuminate\Container\BoundMethod.php(36): App\Http\Controllers\Backend\PaymentController->App\Http\Controllers\Backend\{closure}(Object(App\Models\Earning))
#2 C:\xampp\htdocs\language\vendor\laravel\framework\src\Illuminate\Container\Util.php(40): Illuminate\Container\BoundMethod::Illuminate\Container\{closure}()
#3 C:\xampp\htdocs\language\vendor\laravel\framework\src\Illuminate\Container\BoundMethod.php(81): Illuminate\Container\Util::unwrapIfClosure(Object(Closure))
#4 C:\xampp\htdocs\language\vendor\laravel\framework\src\Illuminate\Container\BoundMethod.php(37): Illuminate\Container\BoundMethod::callBoundMethod(Object(Illuminate\Foundation\Application), Object(Closure), Object(Closure))
#5 C:\xampp\htdocs\language\vendor\laravel\framework\src\Illuminate\Container\Container.php(653): Illuminate\Container\BoundMethod::call(Object(Illuminate\Foundation\Application), Object(Closure), Array, NULL)
#6 C:\xampp\htdocs\language\vendor\yajra\laravel-datatables-oracle\src\Utilities\Helper.php(71): Illuminate\Container\Container->call(Object(Closure), Array)
#7 C:\xampp\htdocs\language\vendor\yajra\laravel-datatables-oracle\src\Processors\DataProcessor.php(137): Yajra\DataTables\Utilities\Helper::compileContent(Object(Closure), Array, Object(App\Models\Earning))
#8 C:\xampp\htdocs\language\vendor\yajra\laravel-datatables-oracle\src\Processors\DataProcessor.php(106): Yajra\DataTables\Processors\DataProcessor->addColumns(Array, Object(App\Models\Earning))
#9 C:\xampp\htdocs\language\vendor\yajra\laravel-datatables-oracle\src\DataTableAbstract.php(806): Yajra\DataTables\Processors\DataProcessor->process(true)
#10 C:\xampp\htdocs\language\vendor\yajra\laravel-datatables-oracle\src\CollectionDataTable.php(164): Yajra\DataTables\DataTableAbstract->processResults(Array, true)
#11 C:\xampp\htdocs\language\app\Http\Controllers\Backend\PaymentController.php(56): Yajra\DataTables\CollectionDataTable->make()
#12 C:\xampp\htdocs\language\vendor\laravel\framework\src\Illuminate\Routing\Controller.php(54): App\Http\Controllers\Backend\PaymentController->getEarningData(Object(Illuminate\Http\Request))
#13 C:\xampp\htdocs\language\vendor\laravel\framework\src\Illuminate\Routing\ControllerDispatcher.php(45): Illuminate\Routing\Controller->callAction('getEarningData', Array)
#14 C:\xampp\htdocs\language\vendor\laravel\framework\src\Illuminate\Routing\Route.php(262): Illuminate\Routing\ControllerDispatcher->dispatch(Object(Illuminate\Routing\Route), Object(App\Http\Controllers\Backend\PaymentController), 'getEarningData')
#15 C:\xampp\htdocs\language\vendor\laravel\framework\src\Illuminate\Routing\Route.php(205): Illuminate\Routing\Route->runController()
#16 C:\xampp\htdocs\language\vendor\laravel\framework\src\Illuminate\Routing\Router.php(721): Illuminate\Routing\Route->run()
#17 C:\xampp\htdocs\language\vendor\laravel\framework\src\Illuminate\Pipeline\Pipeline.php(128): Illuminate\Routing\Router->Illuminate\Routing\{closure}(Object(Illuminate\Http\Request))
#18 C:\xampp\htdocs\language\vendor\spatie\laravel-permission\src\Middlewares\RoleMiddleware.php(25): Illuminate\Pipeline\Pipeline->Illuminate\Pipeline\{closure}(Object(Illuminate\Http\Request))
#19 C:\xampp\htdocs\language\vendor\laravel\framework\src\Illuminate\Pipeline\Pipeline.php(167): Spatie\Permission\Middlewares\RoleMiddleware->handle(Object(Illuminate\Http\Request), Object(Closure), 'administrator|t...')
#20 C:\xampp\htdocs\language\vendor\spatie\laravel-permission\src\Middlewares\PermissionMiddleware.php(22): Illuminate\Pipeline\Pipeline->Illuminate\Pipeline\{closure}(Object(Illuminate\Http\Request))
#21 C:\xampp\htdocs\language\vendor\laravel\framework\src\Illuminate\Pipeline\Pipeline.php(167): Spatie\Permission\Middlewares\PermissionMiddleware->handle(Object(Illuminate\Http\Request), Object(Closure), 'view backend')
#22 C:\xampp\htdocs\language\app\Http\Middleware\PasswordExpires.php(31): Illuminate\Pipeline\Pipeline->Illuminate\Pipeline\{closure}(Object(Illuminate\Http\Request))
#23 C:\xampp\htdocs\language\vendor\laravel\framework\src\Illuminate\Pipeline\Pipeline.php(167): App\Http\Middleware\PasswordExpires->handle(Object(Illuminate\Http\Request), Object(Closure))
#24 C:\xampp\htdocs\language\app\Http\Middleware\LocaleMiddleware.php(58): Illuminate\Pipeline\Pipeline->Illuminate\Pipeline\{closure}(Object(Illuminate\Http\Request))
#25 C:\xampp\htdocs\language\vendor\laravel\framework\src\Illuminate\Pipeline\Pipeline.php(167): App\Http\Middleware\LocaleMiddleware->handle(Object(Illuminate\Http\Request), Object(Closure))
#26 C:\xampp\htdocs\language\vendor\laravel\framework\src\Illuminate\Routing\Middleware\SubstituteBindings.php(50): Illuminate\Pipeline\Pipeline->Illuminate\Pipeline\{closure}(Object(Illuminate\Http\Request))
#27 C:\xampp\htdocs\language\vendor\laravel\framework\src\Illuminate\Pipeline\Pipeline.php(167): Illuminate\Routing\Middleware\SubstituteBindings->handle(Object(Illuminate\Http\Request), Object(Closure))
#28 C:\xampp\htdocs\language\vendor\laravel\framework\src\Illuminate\Auth\Middleware\Authenticate.php(44): Illuminate\Pipeline\Pipeline->Illuminate\Pipeline\{closure}(Object(Illuminate\Http\Request))
#29 C:\xampp\htdocs\language\vendor\laravel\framework\src\Illuminate\Pipeline\Pipeline.php(167): Illuminate\Auth\Middleware\Authenticate->handle(Object(Illuminate\Http\Request), Object(Closure))
#30 C:\xampp\htdocs\language\vendor\laravel\framework\src\Illuminate\Foundation\Http\Middleware\VerifyCsrfToken.php(78): Illuminate\Pipeline\Pipeline->Illuminate\Pipeline\{closure}(Object(Illuminate\Http\Request))
#31 C:\xampp\htdocs\language\vendor\laravel\framework\src\Illuminate\Pipeline\Pipeline.php(167): Illuminate\Foundation\Http\Middleware\VerifyCsrfToken->handle(Object(Illuminate\Http\Request), Object(Closure))
#32 C:\xampp\htdocs\language\vendor\laravel\framework\src\Illuminate\Cookie\Middleware\AddQueuedCookiesToResponse.php(37): Illuminate\Pipeline\Pipeline->Illuminate\Pipeline\{closure}(Object(Illuminate\Http\Request))
#33 C:\xampp\htdocs\language\vendor\laravel\framework\src\Illuminate\Pipeline\Pipeline.php(167): Illuminate\Cookie\Middleware\AddQueuedCookiesToResponse->handle(Object(Illuminate\Http\Request), Object(Closure))
#34 C:\xampp\htdocs\language\vendor\laravel\framework\src\Illuminate\Cookie\Middleware\EncryptCookies.php(67): Illuminate\Pipeline\Pipeline->Illuminate\Pipeline\{closure}(Object(Illuminate\Http\Request))
#35 C:\xampp\htdocs\language\vendor\laravel\framework\src\Illuminate\Pipeline\Pipeline.php(167): Illuminate\Cookie\Middleware\EncryptCookies->handle(Object(Illuminate\Http\Request), Object(Closure))
#36 C:\xampp\htdocs\language\vendor\laravel\framework\src\Illuminate\Pipeline\Pipeline.php(103): Illuminate\Pipeline\Pipeline->Illuminate\Pipeline\{closure}(Object(Illuminate\Http\Request))
#37 C:\xampp\htdocs\language\vendor\laravel\framework\src\Illuminate\Routing\Router.php(723): Illuminate\Pipeline\Pipeline->then(Object(Closure))
#38 C:\xampp\htdocs\language\vendor\laravel\framework\src\Illuminate\Routing\Router.php(698): Illuminate\Routing\Router->runRouteWithinStack(Object(Illuminate\Routing\Route), Object(Illuminate\Http\Request))
#39 C:\xampp\htdocs\language\vendor\laravel\framework\src\Illuminate\Routing\Router.php(662): Illuminate\Routing\Router->runRoute(Object(Illuminate\Http\Request), Object(Illuminate\Routing\Route))
#40 C:\xampp\htdocs\language\vendor\laravel\framework\src\Illuminate\Routing\Router.php(651): Illuminate\Routing\Router->dispatchToRoute(Object(Illuminate\Http\Request))
#41 C:\xampp\htdocs\language\vendor\laravel\framework\src\Illuminate\Foundation\Http\Kernel.php(167): Illuminate\Routing\Router->dispatch(Object(Illuminate\Http\Request))
#42 C:\xampp\htdocs\language\vendor\laravel\framework\src\Illuminate\Pipeline\Pipeline.php(128): Illuminate\Foundation\Http\Kernel->Illuminate\Foundation\Http\{closure}(Object(Illuminate\Http\Request))
#43 C:\xampp\htdocs\language\vendor\barryvdh\laravel-debugbar\src\Middleware\InjectDebugbar.php(59): Illuminate\Pipeline\Pipeline->Illuminate\Pipeline\{closure}(Object(Illuminate\Http\Request))
#44 C:\xampp\htdocs\language\vendor\laravel\framework\src\Illuminate\Pipeline\Pipeline.php(167): Barryvdh\Debugbar\Middleware\InjectDebugbar->handle(Object(Illuminate\Http\Request), Object(Closure))
#45 C:\xampp\htdocs\language\vendor\laravel\framework\src\Illuminate\View\Middleware\ShareErrorsFromSession.php(49): Illuminate\Pipeline\Pipeline->Illuminate\Pipeline\{closure}(Object(Illuminate\Http\Request))
#46 C:\xampp\htdocs\language\vendor\laravel\framework\src\Illuminate\Pipeline\Pipeline.php(167): Illuminate\View\Middleware\ShareErrorsFromSession->handle(Object(Illuminate\Http\Request), Object(Closure))
#47 C:\xampp\htdocs\language\vendor\laravel\framework\src\Illuminate\Session\Middleware\StartSession.php(121): Illuminate\Pipeline\Pipeline->Illuminate\Pipeline\{closure}(Object(Illuminate\Http\Request))
#48 C:\xampp\htdocs\language\vendor\laravel\framework\src\Illuminate\Session\Middleware\StartSession.php(64): Illuminate\Session\Middleware\StartSession->handleStatefulRequest(Object(Illuminate\Http\Request), Object(Illuminate\Session\Store), Object(Closure))
#49 C:\xampp\htdocs\language\vendor\laravel\framework\src\Illuminate\Pipeline\Pipeline.php(167): Illuminate\Session\Middleware\StartSession->handle(Object(Illuminate\Http\Request), Object(Closure))
#50 C:\xampp\htdocs\language\vendor\fideloper\proxy\src\TrustProxies.php(57): Illuminate\Pipeline\Pipeline->Illuminate\Pipeline\{closure}(Object(Illuminate\Http\Request))
#51 C:\xampp\htdocs\language\vendor\laravel\framework\src\Illuminate\Pipeline\Pipeline.php(167): Fideloper\Proxy\TrustProxies->handle(Object(Illuminate\Http\Request), Object(Closure))
#52 C:\xampp\htdocs\language\vendor\laravel\framework\src\Illuminate\Foundation\Http\Middleware\TransformsRequest.php(21): Illuminate\Pipeline\Pipeline->Illuminate\Pipeline\{closure}(Object(Illuminate\Http\Request))
#53 C:\xampp\htdocs\language\vendor\laravel\framework\src\Illuminate\Foundation\Http\Middleware\ConvertEmptyStringsToNull.php(31): Illuminate\Foundation\Http\Middleware\TransformsRequest->handle(Object(Illuminate\Http\Request), Object(Closure))
#54 C:\xampp\htdocs\language\vendor\laravel\framework\src\Illuminate\Pipeline\Pipeline.php(167): Illuminate\Foundation\Http\Middleware\ConvertEmptyStringsToNull->handle(Object(Illuminate\Http\Request), Object(Closure))
#55 C:\xampp\htdocs\language\vendor\laravel\framework\src\Illuminate\Foundation\Http\Middleware\TransformsRequest.php(21): Illuminate\Pipeline\Pipeline->Illuminate\Pipeline\{closure}(Object(Illuminate\Http\Request))
#56 C:\xampp\htdocs\language\vendor\laravel\framework\src\Illuminate\Foundation\Http\Middleware\TrimStrings.php(40): Illuminate\Foundation\Http\Middleware\TransformsRequest->handle(Object(Illuminate\Http\Request), Object(Closure))
#57 C:\xampp\htdocs\language\vendor\laravel\framework\src\Illuminate\Pipeline\Pipeline.php(167): Illuminate\Foundation\Http\Middleware\TrimStrings->handle(Object(Illuminate\Http\Request), Object(Closure))
#58 C:\xampp\htdocs\language\vendor\laravel\framework\src\Illuminate\Foundation\Http\Middleware\ValidatePostSize.php(27): Illuminate\Pipeline\Pipeline->Illuminate\Pipeline\{closure}(Object(Illuminate\Http\Request))
#59 C:\xampp\htdocs\language\vendor\laravel\framework\src\Illuminate\Pipeline\Pipeline.php(167): Illuminate\Foundation\Http\Middleware\ValidatePostSize->handle(Object(Illuminate\Http\Request), Object(Closure))
#60 C:\xampp\htdocs\language\vendor\laravel\framework\src\Illuminate\Foundation\Http\Middleware\PreventRequestsDuringMaintenance.php(86): Illuminate\Pipeline\Pipeline->Illuminate\Pipeline\{closure}(Object(Illuminate\Http\Request))
#61 C:\xampp\htdocs\language\vendor\laravel\framework\src\Illuminate\Pipeline\Pipeline.php(167): Illuminate\Foundation\Http\Middleware\PreventRequestsDuringMaintenance->handle(Object(Illuminate\Http\Request), Object(Closure))
#62 C:\xampp\htdocs\language\vendor\laravel\framework\src\Illuminate\Pipeline\Pipeline.php(103): Illuminate\Pipeline\Pipeline->Illuminate\Pipeline\{closure}(Object(Illuminate\Http\Request))
#63 C:\xampp\htdocs\language\vendor\laravel\framework\src\Illuminate\Foundation\Http\Kernel.php(142): Illuminate\Pipeline\Pipeline->then(Object(Closure))
#64 C:\xampp\htdocs\language\vendor\laravel\framework\src\Illuminate\Foundation\Http\Kernel.php(111): Illuminate\Foundation\Http\Kernel->sendRequestThroughRouter(Object(Illuminate\Http\Request))
#65 C:\xampp\htdocs\language\public\index.php(59): Illuminate\Foundation\Http\Kernel->handle(Object(Illuminate\Http\Request))
#66 C:\xampp\htdocs\language\server.php(19): require_once('C:\\xampp\\htdocs...')
#67 {main}  
[24-04-24 16:03:07] local.INFO: User Logged Out: Teacher User  
[24-04-24 16:03:48] local.INFO: Original Date: 2024-04-18T11:23  
[24-04-24 16:03:48] local.INFO: Formatted Date: 2024-04-18T11:23  
[24-04-24 16:03:48] local.INFO: Original Date: 2024-03-07T14:06  
[24-04-24 16:03:48] local.INFO: Formatted Date: 2024-03-07T14:06  
[24-04-24 16:06:46] local.ERROR: Unable to prepare route [LaravelFilemanager] for serialization. Another route has already been assigned name [unisharp.lfm.show]. {"exception":"[object] (LogicException(code: 0): Unable to prepare route [LaravelFilemanager] for serialization. Another route has already been assigned name [unisharp.lfm.show]. at C:\\xampp\\htdocs\\language\\vendor\\laravel\\framework\\src\\Illuminate\\Routing\\AbstractRouteCollection.php:218)
[stacktrace]
#0 C:\\xampp\\htdocs\\language\\vendor\\laravel\\framework\\src\\Illuminate\\Routing\\AbstractRouteCollection.php(179): Illuminate\\Routing\\AbstractRouteCollection->addToSymfonyRoutesCollection(Object(Symfony\\Component\\Routing\\RouteCollection), Object(Illuminate\\Routing\\Route))
#1 C:\\xampp\\htdocs\\language\\vendor\\laravel\\framework\\src\\Illuminate\\Routing\\RouteCollection.php(246): Illuminate\\Routing\\AbstractRouteCollection->toSymfonyRouteCollection()
#2 C:\\xampp\\htdocs\\language\\vendor\\laravel\\framework\\src\\Illuminate\\Routing\\AbstractRouteCollection.php(163): Illuminate\\Routing\\RouteCollection->toSymfonyRouteCollection()
#3 C:\\xampp\\htdocs\\language\\vendor\\laravel\\framework\\src\\Illuminate\\Routing\\AbstractRouteCollection.php(134): Illuminate\\Routing\\AbstractRouteCollection->dumper()
#4 C:\\xampp\\htdocs\\language\\vendor\\laravel\\framework\\src\\Illuminate\\Foundation\\Console\\RouteCacheCommand.php(107): Illuminate\\Routing\\AbstractRouteCollection->compile()
#5 C:\\xampp\\htdocs\\language\\vendor\\laravel\\framework\\src\\Illuminate\\Foundation\\Console\\RouteCacheCommand.php(66): Illuminate\\Foundation\\Console\\RouteCacheCommand->buildRouteCacheFile(Object(Illuminate\\Routing\\RouteCollection))
#6 C:\\xampp\\htdocs\\language\\vendor\\laravel\\framework\\src\\Illuminate\\Container\\BoundMethod.php(36): Illuminate\\Foundation\\Console\\RouteCacheCommand->handle()
#7 C:\\xampp\\htdocs\\language\\vendor\\laravel\\framework\\src\\Illuminate\\Container\\Util.php(40): Illuminate\\Container\\BoundMethod::Illuminate\\Container\\{closure}()
#8 C:\\xampp\\htdocs\\language\\vendor\\laravel\\framework\\src\\Illuminate\\Container\\BoundMethod.php(93): Illuminate\\Container\\Util::unwrapIfClosure(Object(Closure))
#9 C:\\xampp\\htdocs\\language\\vendor\\laravel\\framework\\src\\Illuminate\\Container\\BoundMethod.php(37): Illuminate\\Container\\BoundMethod::callBoundMethod(Object(Illuminate\\Foundation\\Application), Array, Object(Closure))
#10 C:\\xampp\\htdocs\\language\\vendor\\laravel\\framework\\src\\Illuminate\\Container\\Container.php(653): Illuminate\\Container\\BoundMethod::call(Object(Illuminate\\Foundation\\Application), Array, Array, NULL)
#11 C:\\xampp\\htdocs\\language\\vendor\\laravel\\framework\\src\\Illuminate\\Console\\Command.php(136): Illuminate\\Container\\Container->call(Array)
#12 C:\\xampp\\htdocs\\language\\vendor\\symfony\\console\\Command\\Command.php(298): Illuminate\\Console\\Command->execute(Object(Symfony\\Component\\Console\\Input\\ArgvInput), Object(Illuminate\\Console\\OutputStyle))
#13 C:\\xampp\\htdocs\\language\\vendor\\laravel\\framework\\src\\Illuminate\\Console\\Command.php(121): Symfony\\Component\\Console\\Command\\Command->run(Object(Symfony\\Component\\Console\\Input\\ArgvInput), Object(Illuminate\\Console\\OutputStyle))
#14 C:\\xampp\\htdocs\\language\\vendor\\symfony\\console\\Application.php(1040): Illuminate\\Console\\Command->run(Object(Symfony\\Component\\Console\\Input\\ArgvInput), Object(Symfony\\Component\\Console\\Output\\ConsoleOutput))
#15 C:\\xampp\\htdocs\\language\\vendor\\symfony\\console\\Application.php(301): Symfony\\Component\\Console\\Application->doRunCommand(Object(Illuminate\\Foundation\\Console\\RouteCacheCommand), Object(Symfony\\Component\\Console\\Input\\ArgvInput), Object(Symfony\\Component\\Console\\Output\\ConsoleOutput))
#16 C:\\xampp\\htdocs\\language\\vendor\\symfony\\console\\Application.php(171): Symfony\\Component\\Console\\Application->doRun(Object(Symfony\\Component\\Console\\Input\\ArgvInput), Object(Symfony\\Component\\Console\\Output\\ConsoleOutput))
#17 C:\\xampp\\htdocs\\language\\vendor\\laravel\\framework\\src\\Illuminate\\Console\\Application.php(94): Symfony\\Component\\Console\\Application->run(Object(Symfony\\Component\\Console\\Input\\ArgvInput), Object(Symfony\\Component\\Console\\Output\\ConsoleOutput))
#18 C:\\xampp\\htdocs\\language\\vendor\\laravel\\framework\\src\\Illuminate\\Foundation\\Console\\Kernel.php(129): Illuminate\\Console\\Application->run(Object(Symfony\\Component\\Console\\Input\\ArgvInput), Object(Symfony\\Component\\Console\\Output\\ConsoleOutput))
#19 C:\\xampp\\htdocs\\language\\artisan(37): Illuminate\\Foundation\\Console\\Kernel->handle(Object(Symfony\\Component\\Console\\Input\\ArgvInput), Object(Symfony\\Component\\Console\\Output\\ConsoleOutput))
#20 {main}
"} 
[24-04-24 16:08:26] local.INFO: -----------------------------------  
[24-04-24 16:08:26] local.INFO: stripe payment function  
[24-04-24 16:08:26] local.INFO: Entering stripePayment method for user ID: 3  
[24-04-24 16:08:27] local.INFO: Stripe payment request sent for user ID: 3  
[24-04-24 16:08:27] local.INFO: Stripe payment successful for user ID: 3  
[24-04-24 16:08:27] local.INFO: Cart controller - make order function  
[24-04-24 16:08:27] local.INFO: Entering makeOrder method for user ID: 3 at: 2024-04-24T16:08  
[24-04-24 16:08:27] local.ERROR: Error in makeOrder for user ID 3: SQLSTATE[23000]: Integrity constraint violation: 1062 Duplicate entry '0' for key 'PRIMARY' (SQL: insert into `orders` (`user_id`, `reference_no`, `amount`, `status`, `coupon_id`, `payment_type`, `created_at`, `updated_at`) values (3, b9kdk8B5, 66.84, 1, 0, 3, 2024-04-24T16:08, 2024-04-24T16:08)) at: 2024-04-24T16:08  
[24-04-24 16:08:27] local.ERROR: Error in stripePayment for user ID 3: SQLSTATE[23000]: Integrity constraint violation: 1062 Duplicate entry '0' for key 'PRIMARY' (SQL: insert into `orders` (`user_id`, `reference_no`, `amount`, `status`, `coupon_id`, `payment_type`, `created_at`, `updated_at`) values (3, b9kdk8B5, 66.84, 1, 0, 3, 2024-04-24T16:08, 2024-04-24T16:08))  
[24-04-24 16:08:27] local.INFO: Payment failed. Redirecting with failure message.  
[24-04-24 16:11:42] local.INFO: User Logged Out: Abhishek Wagle  
[24-04-24 16:14:11] local.INFO: User Logged Out: Admin Istrator  
[24-04-24 16:19:27] local.INFO: -----------------------------------  
[24-04-24 16:19:27] local.INFO: stripe payment function  
[24-04-24 16:19:27] local.INFO: Entering stripePayment method for user ID: 3  
[24-04-24 16:19:28] local.INFO: Stripe payment request sent for user ID: 3  
[24-04-24 16:19:28] local.INFO: Stripe payment successful for user ID: 3  
[24-04-24 16:19:28] local.INFO: Cart controller - make order function  
[24-04-24 16:19:29] local.INFO: Entering makeOrder method for user ID: 3 at: 2024-04-24T16:19  
[24-04-24 16:19:29] local.ERROR: Error in makeOrder for user ID 3: SQLSTATE[23000]: Integrity constraint violation: 1062 Duplicate entry '0' for key 'PRIMARY' (SQL: insert into `orders` (`user_id`, `reference_no`, `amount`, `status`, `coupon_id`, `payment_type`, `created_at`, `updated_at`) values (3, 6RTwn3AD, 114.88, 1, 0, 3, 2024-04-24T16:19, 2024-04-24T16:19)) at: 2024-04-24T16:19  
[24-04-24 16:19:29] local.ERROR: Error in stripePayment for user ID 3: SQLSTATE[23000]: Integrity constraint violation: 1062 Duplicate entry '0' for key 'PRIMARY' (SQL: insert into `orders` (`user_id`, `reference_no`, `amount`, `status`, `coupon_id`, `payment_type`, `created_at`, `updated_at`) values (3, 6RTwn3AD, 114.88, 1, 0, 3, 2024-04-24T16:19, 2024-04-24T16:19))  
[24-04-24 16:19:29] local.INFO: Payment failed. Redirecting with failure message.  
[24-04-24 16:26:41] local.INFO: -----------------------------------  
[24-04-24 16:26:41] local.INFO: stripe payment function  
[24-04-24 16:26:41] local.INFO: Entering stripePayment method for user ID: 3  
[24-04-24 16:26:42] local.INFO: Stripe payment request sent for user ID: 3  
[24-04-24 16:26:42] local.INFO: Stripe payment successful for user ID: 3  
[24-04-24 16:26:42] local.INFO: Cart controller - make order function  
[24-04-24 16:26:42] local.INFO: Entering makeOrder method for user ID: 3 at: 2024-04-24T16:26  
[24-04-24 16:26:42] local.ERROR: Error in makeOrder for user ID 3: SQLSTATE[23000]: Integrity constraint violation: 1062 Duplicate entry '0' for key 'PRIMARY' (SQL: insert into `orders` (`user_id`, `reference_no`, `amount`, `status`, `coupon_id`, `payment_type`, `created_at`, `updated_at`) values (3, VeFJ4WhH, 114.88, 1, 0, 3, 2024-04-24T16:26, 2024-04-24T16:26)) at: 2024-04-24T16:26  
[24-04-24 16:26:42] local.ERROR: Error in stripePayment for user ID 3: SQLSTATE[23000]: Integrity constraint violation: 1062 Duplicate entry '0' for key 'PRIMARY' (SQL: insert into `orders` (`user_id`, `reference_no`, `amount`, `status`, `coupon_id`, `payment_type`, `created_at`, `updated_at`) values (3, VeFJ4WhH, 114.88, 1, 0, 3, 2024-04-24T16:26, 2024-04-24T16:26))  
[24-04-24 16:26:42] local.INFO: Payment failed. Redirecting with failure message.  
[24-04-24 16:28:00] local.INFO: User Logged Out: Abhishek Wagle  
[24-04-24 16:29:11] local.INFO: User Logged Out: Admin Istrator  
[24-04-24 16:32:14] local.INFO: -----------------------------------  
[24-04-24 16:32:14] local.INFO: stripe payment function  
[24-04-24 16:32:14] local.INFO: Entering stripePayment method for user ID: 3  
[24-04-24 16:32:16] local.INFO: Stripe payment request sent for user ID: 3  
[24-04-24 16:32:16] local.INFO: Stripe payment successful for user ID: 3  
[24-04-24 16:32:16] local.INFO: Cart controller - make order function  
[24-04-24 16:32:16] local.INFO: Entering makeOrder method for user ID: 3 at: 2024-04-24T16:32  
[24-04-24 16:32:16] local.ERROR: Error in makeOrder for user ID 3: SQLSTATE[23000]: Integrity constraint violation: 1062 Duplicate entry '0' for key 'PRIMARY' (SQL: insert into `orders` (`user_id`, `reference_no`, `amount`, `status`, `coupon_id`, `payment_type`, `created_at`, `updated_at`) values (3, KKykbw4z, 114.88, 1, 0, 3, 2024-04-24T16:32, 2024-04-24T16:32)) at: 2024-04-24T16:32  
[24-04-24 16:32:16] local.ERROR: Error in stripePayment for user ID 3: SQLSTATE[23000]: Integrity constraint violation: 1062 Duplicate entry '0' for key 'PRIMARY' (SQL: insert into `orders` (`user_id`, `reference_no`, `amount`, `status`, `coupon_id`, `payment_type`, `created_at`, `updated_at`) values (3, KKykbw4z, 114.88, 1, 0, 3, 2024-04-24T16:32, 2024-04-24T16:32))  
[24-04-24 16:32:16] local.INFO: Payment failed. Redirecting with failure message.  
[24-04-24 16:32:54] local.INFO: -----------------------------------  
[24-04-24 16:32:55] local.INFO: stripe payment function  
[24-04-24 16:32:55] local.INFO: Entering stripePayment method for user ID: 3  
[24-04-24 16:32:56] local.INFO: Stripe payment request sent for user ID: 3  
[24-04-24 16:32:56] local.INFO: Stripe payment successful for user ID: 3  
[24-04-24 16:32:56] local.INFO: Cart controller - make order function  
[24-04-24 16:32:56] local.INFO: Entering makeOrder method for user ID: 3 at: 2024-04-24T16:32  
[24-04-24 16:32:56] local.ERROR: Error in makeOrder for user ID 3: SQLSTATE[23000]: Integrity constraint violation: 1062 Duplicate entry '0' for key 'PRIMARY' (SQL: insert into `orders` (`user_id`, `reference_no`, `amount`, `status`, `coupon_id`, `payment_type`, `created_at`, `updated_at`) values (3, PrpnYBDg, 114.88, 1, 0, 3, 2024-04-24T16:32, 2024-04-24T16:32)) at: 2024-04-24T16:32  
[24-04-24 16:32:56] local.ERROR: Error in stripePayment for user ID 3: SQLSTATE[23000]: Integrity constraint violation: 1062 Duplicate entry '0' for key 'PRIMARY' (SQL: insert into `orders` (`user_id`, `reference_no`, `amount`, `status`, `coupon_id`, `payment_type`, `created_at`, `updated_at`) values (3, PrpnYBDg, 114.88, 1, 0, 3, 2024-04-24T16:32, 2024-04-24T16:32))  
[24-04-24 16:32:56] local.INFO: Payment failed. Redirecting with failure message.  
[24-04-24 16:34:33] local.INFO: -----------------------------------  
[24-04-24 16:34:33] local.INFO: stripe payment function  
[24-04-24 16:34:33] local.INFO: Entering stripePayment method for user ID: 3  
[24-04-24 16:34:35] local.INFO: Stripe payment request sent for user ID: 3  
[24-04-24 16:34:35] local.INFO: Stripe payment successful for user ID: 3  
[24-04-24 16:34:35] local.INFO: Cart controller - make order function  
[24-04-24 16:34:35] local.INFO: Entering makeOrder method for user ID: 3 at: 2024-04-24T16:34  
[24-04-24 16:34:35] local.ERROR: Error in makeOrder for user ID 3: SQLSTATE[23000]: Integrity constraint violation: 1062 Duplicate entry '0' for key 'PRIMARY' (SQL: insert into `orders` (`user_id`, `reference_no`, `amount`, `status`, `coupon_id`, `payment_type`, `created_at`, `updated_at`) values (3, c1SsWxIs, 114.88, 1, 0, 3, 2024-04-24T16:34, 2024-04-24T16:34)) at: 2024-04-24T16:34  
[24-04-24 16:34:35] local.ERROR: Error in stripePayment for user ID 3: SQLSTATE[23000]: Integrity constraint violation: 1062 Duplicate entry '0' for key 'PRIMARY' (SQL: insert into `orders` (`user_id`, `reference_no`, `amount`, `status`, `coupon_id`, `payment_type`, `created_at`, `updated_at`) values (3, c1SsWxIs, 114.88, 1, 0, 3, 2024-04-24T16:34, 2024-04-24T16:34))  
[24-04-24 16:34:35] local.INFO: Payment failed. Redirecting with failure message.  
[24-04-24 16:34:57] local.INFO: -----------------------------------  
[24-04-24 16:34:57] local.INFO: stripe payment function  
[24-04-24 16:34:57] local.INFO: Entering stripePayment method for user ID: 3  
[24-04-24 16:34:58] local.INFO: Stripe payment request sent for user ID: 3  
[24-04-24 16:34:58] local.INFO: Stripe payment successful for user ID: 3  
[24-04-24 16:34:58] local.INFO: Cart controller - make order function  
[24-04-24 16:34:58] local.INFO: Entering makeOrder method for user ID: 3 at: 2024-04-24T16:34  
[24-04-24 16:34:58] local.ERROR: Error in makeOrder for user ID 3: SQLSTATE[23000]: Integrity constraint violation: 1062 Duplicate entry '0' for key 'PRIMARY' (SQL: insert into `orders` (`user_id`, `reference_no`, `amount`, `status`, `coupon_id`, `payment_type`, `created_at`, `updated_at`) values (3, PQyxFVlR, 114.88, 1, 0, 3, 2024-04-24T16:34, 2024-04-24T16:34)) at: 2024-04-24T16:34  
[24-04-24 16:34:58] local.ERROR: Error in stripePayment for user ID 3: SQLSTATE[23000]: Integrity constraint violation: 1062 Duplicate entry '0' for key 'PRIMARY' (SQL: insert into `orders` (`user_id`, `reference_no`, `amount`, `status`, `coupon_id`, `payment_type`, `created_at`, `updated_at`) values (3, PQyxFVlR, 114.88, 1, 0, 3, 2024-04-24T16:34, 2024-04-24T16:34))  
[24-04-24 16:34:58] local.INFO: Payment failed. Redirecting with failure message.  
