[15-03-24 14:26:08] local.ERROR: SQLSTATE[HY000] [2002] php_network_getaddresses: getaddrinfo failed: nodename nor servname provided, or not known (SQL: select * from information_schema.tables where table_schema = language and table_name = configs and table_type = 'BASE TABLE') {"exception":"[object] (Illuminate\\Database\\QueryException(code: 2002): SQLSTATE[HY000] [2002] php_network_getaddresses: getaddrinfo failed: nodename nor servname provided, or not known (SQL: select * from information_schema.tables where table_schema = language and table_name = configs and table_type = 'BASE TABLE') at /Applications/XAMPP/xamppfiles/htdocs/LanguageWebsite/vendor/laravel/framework/src/Illuminate/Database/Connection.php:712)
[stacktrace]
#0 /Applications/XAMPP/xamppfiles/htdocs/LanguageWebsite/vendor/laravel/framework/src/Illuminate/Database/Connection.php(672): Illuminate\\Database\\Connection->runQueryCallback('select * from i...', Array, Object(Closure))
#1 /Applications/XAMPP/xamppfiles/htdocs/LanguageWebsite/vendor/laravel/framework/src/Illuminate/Database/Connection.php(376): Illuminate\\Database\\Connection->run('select * from i...', Array, Object(Closure))
#2 /Applications/XAMPP/xamppfiles/htdocs/LanguageWebsite/vendor/laravel/framework/src/Illuminate/Database/Schema/MySqlBuilder.php(44): Illuminate\\Database\\Connection->select('select * from i...', Array)
#3 /Applications/XAMPP/xamppfiles/htdocs/LanguageWebsite/vendor/laravel/framework/src/Illuminate/Support/Facades/Facade.php(261): Illuminate\\Database\\Schema\\MySqlBuilder->hasTable('configs')
#4 /Applications/XAMPP/xamppfiles/htdocs/LanguageWebsite/app/Providers/AppServiceProvider.php(80): Illuminate\\Support\\Facades\\Facade::__callStatic('hasTable', Array)
#5 /Applications/XAMPP/xamppfiles/htdocs/LanguageWebsite/vendor/laravel/framework/src/Illuminate/Container/BoundMethod.php(36): App\\Providers\\AppServiceProvider->boot()
#6 /Applications/XAMPP/xamppfiles/htdocs/LanguageWebsite/vendor/laravel/framework/src/Illuminate/Container/Util.php(40): Illuminate\\Container\\BoundMethod::Illuminate\\Container\\{closure}()
#7 /Applications/XAMPP/xamppfiles/htdocs/LanguageWebsite/vendor/laravel/framework/src/Illuminate/Container/BoundMethod.php(93): Illuminate\\Container\\Util::unwrapIfClosure(Object(Closure))
#8 /Applications/XAMPP/xamppfiles/htdocs/LanguageWebsite/vendor/laravel/framework/src/Illuminate/Container/BoundMethod.php(37): Illuminate\\Container\\BoundMethod::callBoundMethod(Object(Illuminate\\Foundation\\Application), Array, Object(Closure))
#9 /Applications/XAMPP/xamppfiles/htdocs/LanguageWebsite/vendor/laravel/framework/src/Illuminate/Container/Container.php(653): Illuminate\\Container\\BoundMethod::call(Object(Illuminate\\Foundation\\Application), Array, Array, NULL)
#10 /Applications/XAMPP/xamppfiles/htdocs/LanguageWebsite/vendor/laravel/framework/src/Illuminate/Foundation/Application.php(924): Illuminate\\Container\\Container->call(Array)
#11 /Applications/XAMPP/xamppfiles/htdocs/LanguageWebsite/vendor/laravel/framework/src/Illuminate/Foundation/Application.php(905): Illuminate\\Foundation\\Application->bootProvider(Object(App\\Providers\\AppServiceProvider))
#12 [internal function]: Illuminate\\Foundation\\Application->Illuminate\\Foundation\\{closure}(Object(App\\Providers\\AppServiceProvider), 59)
#13 /Applications/XAMPP/xamppfiles/htdocs/LanguageWebsite/vendor/laravel/framework/src/Illuminate/Foundation/Application.php(906): array_walk(Array, Object(Closure))
#14 /Applications/XAMPP/xamppfiles/htdocs/LanguageWebsite/vendor/laravel/framework/src/Illuminate/Foundation/Bootstrap/BootProviders.php(17): Illuminate\\Foundation\\Application->boot()
#15 /Applications/XAMPP/xamppfiles/htdocs/LanguageWebsite/vendor/laravel/framework/src/Illuminate/Foundation/Application.php(237): Illuminate\\Foundation\\Bootstrap\\BootProviders->bootstrap(Object(Illuminate\\Foundation\\Application))
#16 /Applications/XAMPP/xamppfiles/htdocs/LanguageWebsite/vendor/laravel/framework/src/Illuminate/Foundation/Console/Kernel.php(310): Illuminate\\Foundation\\Application->bootstrapWith(Array)
#17 /Applications/XAMPP/xamppfiles/htdocs/LanguageWebsite/vendor/laravel/framework/src/Illuminate/Foundation/Console/Kernel.php(127): Illuminate\\Foundation\\Console\\Kernel->bootstrap()
#18 /Applications/XAMPP/xamppfiles/htdocs/LanguageWebsite/artisan(37): Illuminate\\Foundation\\Console\\Kernel->handle(Object(Symfony\\Component\\Console\\Input\\ArgvInput), Object(Symfony\\Component\\Console\\Output\\ConsoleOutput))
#19 {main}

[previous exception] [object] (Doctrine\\DBAL\\Driver\\PDO\\Exception(code: 2002): SQLSTATE[HY000] [2002] php_network_getaddresses: getaddrinfo failed: nodename nor servname provided, or not known at /Applications/XAMPP/xamppfiles/htdocs/LanguageWebsite/vendor/doctrine/dbal/lib/Doctrine/DBAL/Driver/PDO/Exception.php:18)
[stacktrace]
#0 /Applications/XAMPP/xamppfiles/htdocs/LanguageWebsite/vendor/doctrine/dbal/lib/Doctrine/DBAL/Driver/PDOConnection.php(42): Doctrine\\DBAL\\Driver\\PDO\\Exception::new(Object(PDOException))
#1 /Applications/XAMPP/xamppfiles/htdocs/LanguageWebsite/vendor/laravel/framework/src/Illuminate/Database/Connectors/Connector.php(67): Doctrine\\DBAL\\Driver\\PDOConnection->__construct('mysql:host=mysq...', 'root', 'StrongPass123!', Array)
#2 /Applications/XAMPP/xamppfiles/htdocs/LanguageWebsite/vendor/laravel/framework/src/Illuminate/Database/Connectors/Connector.php(46): Illuminate\\Database\\Connectors\\Connector->createPdoConnection('mysql:host=mysq...', 'root', 'StrongPass123!', Array)
#3 /Applications/XAMPP/xamppfiles/htdocs/LanguageWebsite/vendor/laravel/framework/src/Illuminate/Database/Connectors/MySqlConnector.php(24): Illuminate\\Database\\Connectors\\Connector->createConnection('mysql:host=mysq...', Array, Array)
#4 /Applications/XAMPP/xamppfiles/htdocs/LanguageWebsite/vendor/laravel/framework/src/Illuminate/Database/Connectors/ConnectionFactory.php(184): Illuminate\\Database\\Connectors\\MySqlConnector->connect(Array)
#5 [internal function]: Illuminate\\Database\\Connectors\\ConnectionFactory->Illuminate\\Database\\Connectors\\{closure}()
#6 /Applications/XAMPP/xamppfiles/htdocs/LanguageWebsite/vendor/laravel/framework/src/Illuminate/Database/Connection.php(1064): call_user_func(Object(Closure))
#7 /Applications/XAMPP/xamppfiles/htdocs/LanguageWebsite/vendor/laravel/framework/src/Illuminate/Database/Connection.php(1100): Illuminate\\Database\\Connection->getPdo()
#8 /Applications/XAMPP/xamppfiles/htdocs/LanguageWebsite/vendor/laravel/framework/src/Illuminate/Database/Connection.php(442): Illuminate\\Database\\Connection->getReadPdo()
#9 /Applications/XAMPP/xamppfiles/htdocs/LanguageWebsite/vendor/laravel/framework/src/Illuminate/Database/Connection.php(368): Illuminate\\Database\\Connection->getPdoForSelect(true)
#10 /Applications/XAMPP/xamppfiles/htdocs/LanguageWebsite/vendor/laravel/framework/src/Illuminate/Database/Connection.php(705): Illuminate\\Database\\Connection->Illuminate\\Database\\{closure}('select * from i...', Array)
#11 /Applications/XAMPP/xamppfiles/htdocs/LanguageWebsite/vendor/laravel/framework/src/Illuminate/Database/Connection.php(672): Illuminate\\Database\\Connection->runQueryCallback('select * from i...', Array, Object(Closure))
#12 /Applications/XAMPP/xamppfiles/htdocs/LanguageWebsite/vendor/laravel/framework/src/Illuminate/Database/Connection.php(376): Illuminate\\Database\\Connection->run('select * from i...', Array, Object(Closure))
#13 /Applications/XAMPP/xamppfiles/htdocs/LanguageWebsite/vendor/laravel/framework/src/Illuminate/Database/Schema/MySqlBuilder.php(44): Illuminate\\Database\\Connection->select('select * from i...', Array)
#14 /Applications/XAMPP/xamppfiles/htdocs/LanguageWebsite/vendor/laravel/framework/src/Illuminate/Support/Facades/Facade.php(261): Illuminate\\Database\\Schema\\MySqlBuilder->hasTable('configs')
#15 /Applications/XAMPP/xamppfiles/htdocs/LanguageWebsite/app/Providers/AppServiceProvider.php(80): Illuminate\\Support\\Facades\\Facade::__callStatic('hasTable', Array)
#16 /Applications/XAMPP/xamppfiles/htdocs/LanguageWebsite/vendor/laravel/framework/src/Illuminate/Container/BoundMethod.php(36): App\\Providers\\AppServiceProvider->boot()
#17 /Applications/XAMPP/xamppfiles/htdocs/LanguageWebsite/vendor/laravel/framework/src/Illuminate/Container/Util.php(40): Illuminate\\Container\\BoundMethod::Illuminate\\Container\\{closure}()
#18 /Applications/XAMPP/xamppfiles/htdocs/LanguageWebsite/vendor/laravel/framework/src/Illuminate/Container/BoundMethod.php(93): Illuminate\\Container\\Util::unwrapIfClosure(Object(Closure))
#19 /Applications/XAMPP/xamppfiles/htdocs/LanguageWebsite/vendor/laravel/framework/src/Illuminate/Container/BoundMethod.php(37): Illuminate\\Container\\BoundMethod::callBoundMethod(Object(Illuminate\\Foundation\\Application), Array, Object(Closure))
#20 /Applications/XAMPP/xamppfiles/htdocs/LanguageWebsite/vendor/laravel/framework/src/Illuminate/Container/Container.php(653): Illuminate\\Container\\BoundMethod::call(Object(Illuminate\\Foundation\\Application), Array, Array, NULL)
#21 /Applications/XAMPP/xamppfiles/htdocs/LanguageWebsite/vendor/laravel/framework/src/Illuminate/Foundation/Application.php(924): Illuminate\\Container\\Container->call(Array)
#22 /Applications/XAMPP/xamppfiles/htdocs/LanguageWebsite/vendor/laravel/framework/src/Illuminate/Foundation/Application.php(905): Illuminate\\Foundation\\Application->bootProvider(Object(App\\Providers\\AppServiceProvider))
#23 [internal function]: Illuminate\\Foundation\\Application->Illuminate\\Foundation\\{closure}(Object(App\\Providers\\AppServiceProvider), 59)
#24 /Applications/XAMPP/xamppfiles/htdocs/LanguageWebsite/vendor/laravel/framework/src/Illuminate/Foundation/Application.php(906): array_walk(Array, Object(Closure))
#25 /Applications/XAMPP/xamppfiles/htdocs/LanguageWebsite/vendor/laravel/framework/src/Illuminate/Foundation/Bootstrap/BootProviders.php(17): Illuminate\\Foundation\\Application->boot()
#26 /Applications/XAMPP/xamppfiles/htdocs/LanguageWebsite/vendor/laravel/framework/src/Illuminate/Foundation/Application.php(237): Illuminate\\Foundation\\Bootstrap\\BootProviders->bootstrap(Object(Illuminate\\Foundation\\Application))
#27 /Applications/XAMPP/xamppfiles/htdocs/LanguageWebsite/vendor/laravel/framework/src/Illuminate/Foundation/Console/Kernel.php(310): Illuminate\\Foundation\\Application->bootstrapWith(Array)
#28 /Applications/XAMPP/xamppfiles/htdocs/LanguageWebsite/vendor/laravel/framework/src/Illuminate/Foundation/Console/Kernel.php(127): Illuminate\\Foundation\\Console\\Kernel->bootstrap()
#29 /Applications/XAMPP/xamppfiles/htdocs/LanguageWebsite/artisan(37): Illuminate\\Foundation\\Console\\Kernel->handle(Object(Symfony\\Component\\Console\\Input\\ArgvInput), Object(Symfony\\Component\\Console\\Output\\ConsoleOutput))
#30 {main}

[previous exception] [object] (PDOException(code: 2002): SQLSTATE[HY000] [2002] php_network_getaddresses: getaddrinfo failed: nodename nor servname provided, or not known at /Applications/XAMPP/xamppfiles/htdocs/LanguageWebsite/vendor/doctrine/dbal/lib/Doctrine/DBAL/Driver/PDOConnection.php:38)
[stacktrace]
#0 /Applications/XAMPP/xamppfiles/htdocs/LanguageWebsite/vendor/doctrine/dbal/lib/Doctrine/DBAL/Driver/PDOConnection.php(38): PDO->__construct('mysql:host=mysq...', 'root', 'StrongPass123!', Array)
#1 /Applications/XAMPP/xamppfiles/htdocs/LanguageWebsite/vendor/laravel/framework/src/Illuminate/Database/Connectors/Connector.php(67): Doctrine\\DBAL\\Driver\\PDOConnection->__construct('mysql:host=mysq...', 'root', 'StrongPass123!', Array)
#2 /Applications/XAMPP/xamppfiles/htdocs/LanguageWebsite/vendor/laravel/framework/src/Illuminate/Database/Connectors/Connector.php(46): Illuminate\\Database\\Connectors\\Connector->createPdoConnection('mysql:host=mysq...', 'root', 'StrongPass123!', Array)
#3 /Applications/XAMPP/xamppfiles/htdocs/LanguageWebsite/vendor/laravel/framework/src/Illuminate/Database/Connectors/MySqlConnector.php(24): Illuminate\\Database\\Connectors\\Connector->createConnection('mysql:host=mysq...', Array, Array)
#4 /Applications/XAMPP/xamppfiles/htdocs/LanguageWebsite/vendor/laravel/framework/src/Illuminate/Database/Connectors/ConnectionFactory.php(184): Illuminate\\Database\\Connectors\\MySqlConnector->connect(Array)
#5 [internal function]: Illuminate\\Database\\Connectors\\ConnectionFactory->Illuminate\\Database\\Connectors\\{closure}()
#6 /Applications/XAMPP/xamppfiles/htdocs/LanguageWebsite/vendor/laravel/framework/src/Illuminate/Database/Connection.php(1064): call_user_func(Object(Closure))
#7 /Applications/XAMPP/xamppfiles/htdocs/LanguageWebsite/vendor/laravel/framework/src/Illuminate/Database/Connection.php(1100): Illuminate\\Database\\Connection->getPdo()
#8 /Applications/XAMPP/xamppfiles/htdocs/LanguageWebsite/vendor/laravel/framework/src/Illuminate/Database/Connection.php(442): Illuminate\\Database\\Connection->getReadPdo()
#9 /Applications/XAMPP/xamppfiles/htdocs/LanguageWebsite/vendor/laravel/framework/src/Illuminate/Database/Connection.php(368): Illuminate\\Database\\Connection->getPdoForSelect(true)
#10 /Applications/XAMPP/xamppfiles/htdocs/LanguageWebsite/vendor/laravel/framework/src/Illuminate/Database/Connection.php(705): Illuminate\\Database\\Connection->Illuminate\\Database\\{closure}('select * from i...', Array)
#11 /Applications/XAMPP/xamppfiles/htdocs/LanguageWebsite/vendor/laravel/framework/src/Illuminate/Database/Connection.php(672): Illuminate\\Database\\Connection->runQueryCallback('select * from i...', Array, Object(Closure))
#12 /Applications/XAMPP/xamppfiles/htdocs/LanguageWebsite/vendor/laravel/framework/src/Illuminate/Database/Connection.php(376): Illuminate\\Database\\Connection->run('select * from i...', Array, Object(Closure))
#13 /Applications/XAMPP/xamppfiles/htdocs/LanguageWebsite/vendor/laravel/framework/src/Illuminate/Database/Schema/MySqlBuilder.php(44): Illuminate\\Database\\Connection->select('select * from i...', Array)
#14 /Applications/XAMPP/xamppfiles/htdocs/LanguageWebsite/vendor/laravel/framework/src/Illuminate/Support/Facades/Facade.php(261): Illuminate\\Database\\Schema\\MySqlBuilder->hasTable('configs')
#15 /Applications/XAMPP/xamppfiles/htdocs/LanguageWebsite/app/Providers/AppServiceProvider.php(80): Illuminate\\Support\\Facades\\Facade::__callStatic('hasTable', Array)
#16 /Applications/XAMPP/xamppfiles/htdocs/LanguageWebsite/vendor/laravel/framework/src/Illuminate/Container/BoundMethod.php(36): App\\Providers\\AppServiceProvider->boot()
#17 /Applications/XAMPP/xamppfiles/htdocs/LanguageWebsite/vendor/laravel/framework/src/Illuminate/Container/Util.php(40): Illuminate\\Container\\BoundMethod::Illuminate\\Container\\{closure}()
#18 /Applications/XAMPP/xamppfiles/htdocs/LanguageWebsite/vendor/laravel/framework/src/Illuminate/Container/BoundMethod.php(93): Illuminate\\Container\\Util::unwrapIfClosure(Object(Closure))
#19 /Applications/XAMPP/xamppfiles/htdocs/LanguageWebsite/vendor/laravel/framework/src/Illuminate/Container/BoundMethod.php(37): Illuminate\\Container\\BoundMethod::callBoundMethod(Object(Illuminate\\Foundation\\Application), Array, Object(Closure))
#20 /Applications/XAMPP/xamppfiles/htdocs/LanguageWebsite/vendor/laravel/framework/src/Illuminate/Container/Container.php(653): Illuminate\\Container\\BoundMethod::call(Object(Illuminate\\Foundation\\Application), Array, Array, NULL)
#21 /Applications/XAMPP/xamppfiles/htdocs/LanguageWebsite/vendor/laravel/framework/src/Illuminate/Foundation/Application.php(924): Illuminate\\Container\\Container->call(Array)
#22 /Applications/XAMPP/xamppfiles/htdocs/LanguageWebsite/vendor/laravel/framework/src/Illuminate/Foundation/Application.php(905): Illuminate\\Foundation\\Application->bootProvider(Object(App\\Providers\\AppServiceProvider))
#23 [internal function]: Illuminate\\Foundation\\Application->Illuminate\\Foundation\\{closure}(Object(App\\Providers\\AppServiceProvider), 59)
#24 /Applications/XAMPP/xamppfiles/htdocs/LanguageWebsite/vendor/laravel/framework/src/Illuminate/Foundation/Application.php(906): array_walk(Array, Object(Closure))
#25 /Applications/XAMPP/xamppfiles/htdocs/LanguageWebsite/vendor/laravel/framework/src/Illuminate/Foundation/Bootstrap/BootProviders.php(17): Illuminate\\Foundation\\Application->boot()
#26 /Applications/XAMPP/xamppfiles/htdocs/LanguageWebsite/vendor/laravel/framework/src/Illuminate/Foundation/Application.php(237): Illuminate\\Foundation\\Bootstrap\\BootProviders->bootstrap(Object(Illuminate\\Foundation\\Application))
#27 /Applications/XAMPP/xamppfiles/htdocs/LanguageWebsite/vendor/laravel/framework/src/Illuminate/Foundation/Console/Kernel.php(310): Illuminate\\Foundation\\Application->bootstrapWith(Array)
#28 /Applications/XAMPP/xamppfiles/htdocs/LanguageWebsite/vendor/laravel/framework/src/Illuminate/Foundation/Console/Kernel.php(127): Illuminate\\Foundation\\Console\\Kernel->bootstrap()
#29 /Applications/XAMPP/xamppfiles/htdocs/LanguageWebsite/artisan(37): Illuminate\\Foundation\\Console\\Kernel->handle(Object(Symfony\\Component\\Console\\Input\\ArgvInput), Object(Symfony\\Component\\Console\\Output\\ConsoleOutput))
#30 {main}

[previous exception] [object] (PDOException(code: 0): PDO::__construct(): php_network_getaddresses: getaddrinfo failed: nodename nor servname provided, or not known at /Applications/XAMPP/xamppfiles/htdocs/LanguageWebsite/vendor/doctrine/dbal/lib/Doctrine/DBAL/Driver/PDOConnection.php:38)
[stacktrace]
#0 /Applications/XAMPP/xamppfiles/htdocs/LanguageWebsite/vendor/doctrine/dbal/lib/Doctrine/DBAL/Driver/PDOConnection.php(38): PDO->__construct('mysql:host=mysq...', 'root', 'StrongPass123!', Array)
#1 /Applications/XAMPP/xamppfiles/htdocs/LanguageWebsite/vendor/laravel/framework/src/Illuminate/Database/Connectors/Connector.php(67): Doctrine\\DBAL\\Driver\\PDOConnection->__construct('mysql:host=mysq...', 'root', 'StrongPass123!', Array)
#2 /Applications/XAMPP/xamppfiles/htdocs/LanguageWebsite/vendor/laravel/framework/src/Illuminate/Database/Connectors/Connector.php(46): Illuminate\\Database\\Connectors\\Connector->createPdoConnection('mysql:host=mysq...', 'root', 'StrongPass123!', Array)
#3 /Applications/XAMPP/xamppfiles/htdocs/LanguageWebsite/vendor/laravel/framework/src/Illuminate/Database/Connectors/MySqlConnector.php(24): Illuminate\\Database\\Connectors\\Connector->createConnection('mysql:host=mysq...', Array, Array)
#4 /Applications/XAMPP/xamppfiles/htdocs/LanguageWebsite/vendor/laravel/framework/src/Illuminate/Database/Connectors/ConnectionFactory.php(184): Illuminate\\Database\\Connectors\\MySqlConnector->connect(Array)
#5 [internal function]: Illuminate\\Database\\Connectors\\ConnectionFactory->Illuminate\\Database\\Connectors\\{closure}()
#6 /Applications/XAMPP/xamppfiles/htdocs/LanguageWebsite/vendor/laravel/framework/src/Illuminate/Database/Connection.php(1064): call_user_func(Object(Closure))
#7 /Applications/XAMPP/xamppfiles/htdocs/LanguageWebsite/vendor/laravel/framework/src/Illuminate/Database/Connection.php(1100): Illuminate\\Database\\Connection->getPdo()
#8 /Applications/XAMPP/xamppfiles/htdocs/LanguageWebsite/vendor/laravel/framework/src/Illuminate/Database/Connection.php(442): Illuminate\\Database\\Connection->getReadPdo()
#9 /Applications/XAMPP/xamppfiles/htdocs/LanguageWebsite/vendor/laravel/framework/src/Illuminate/Database/Connection.php(368): Illuminate\\Database\\Connection->getPdoForSelect(true)
#10 /Applications/XAMPP/xamppfiles/htdocs/LanguageWebsite/vendor/laravel/framework/src/Illuminate/Database/Connection.php(705): Illuminate\\Database\\Connection->Illuminate\\Database\\{closure}('select * from i...', Array)
#11 /Applications/XAMPP/xamppfiles/htdocs/LanguageWebsite/vendor/laravel/framework/src/Illuminate/Database/Connection.php(672): Illuminate\\Database\\Connection->runQueryCallback('select * from i...', Array, Object(Closure))
#12 /Applications/XAMPP/xamppfiles/htdocs/LanguageWebsite/vendor/laravel/framework/src/Illuminate/Database/Connection.php(376): Illuminate\\Database\\Connection->run('select * from i...', Array, Object(Closure))
#13 /Applications/XAMPP/xamppfiles/htdocs/LanguageWebsite/vendor/laravel/framework/src/Illuminate/Database/Schema/MySqlBuilder.php(44): Illuminate\\Database\\Connection->select('select * from i...', Array)
#14 /Applications/XAMPP/xamppfiles/htdocs/LanguageWebsite/vendor/laravel/framework/src/Illuminate/Support/Facades/Facade.php(261): Illuminate\\Database\\Schema\\MySqlBuilder->hasTable('configs')
#15 /Applications/XAMPP/xamppfiles/htdocs/LanguageWebsite/app/Providers/AppServiceProvider.php(80): Illuminate\\Support\\Facades\\Facade::__callStatic('hasTable', Array)
#16 /Applications/XAMPP/xamppfiles/htdocs/LanguageWebsite/vendor/laravel/framework/src/Illuminate/Container/BoundMethod.php(36): App\\Providers\\AppServiceProvider->boot()
#17 /Applications/XAMPP/xamppfiles/htdocs/LanguageWebsite/vendor/laravel/framework/src/Illuminate/Container/Util.php(40): Illuminate\\Container\\BoundMethod::Illuminate\\Container\\{closure}()
#18 /Applications/XAMPP/xamppfiles/htdocs/LanguageWebsite/vendor/laravel/framework/src/Illuminate/Container/BoundMethod.php(93): Illuminate\\Container\\Util::unwrapIfClosure(Object(Closure))
#19 /Applications/XAMPP/xamppfiles/htdocs/LanguageWebsite/vendor/laravel/framework/src/Illuminate/Container/BoundMethod.php(37): Illuminate\\Container\\BoundMethod::callBoundMethod(Object(Illuminate\\Foundation\\Application), Array, Object(Closure))
#20 /Applications/XAMPP/xamppfiles/htdocs/LanguageWebsite/vendor/laravel/framework/src/Illuminate/Container/Container.php(653): Illuminate\\Container\\BoundMethod::call(Object(Illuminate\\Foundation\\Application), Array, Array, NULL)
#21 /Applications/XAMPP/xamppfiles/htdocs/LanguageWebsite/vendor/laravel/framework/src/Illuminate/Foundation/Application.php(924): Illuminate\\Container\\Container->call(Array)
#22 /Applications/XAMPP/xamppfiles/htdocs/LanguageWebsite/vendor/laravel/framework/src/Illuminate/Foundation/Application.php(905): Illuminate\\Foundation\\Application->bootProvider(Object(App\\Providers\\AppServiceProvider))
#23 [internal function]: Illuminate\\Foundation\\Application->Illuminate\\Foundation\\{closure}(Object(App\\Providers\\AppServiceProvider), 59)
#24 /Applications/XAMPP/xamppfiles/htdocs/LanguageWebsite/vendor/laravel/framework/src/Illuminate/Foundation/Application.php(906): array_walk(Array, Object(Closure))
#25 /Applications/XAMPP/xamppfiles/htdocs/LanguageWebsite/vendor/laravel/framework/src/Illuminate/Foundation/Bootstrap/BootProviders.php(17): Illuminate\\Foundation\\Application->boot()
#26 /Applications/XAMPP/xamppfiles/htdocs/LanguageWebsite/vendor/laravel/framework/src/Illuminate/Foundation/Application.php(237): Illuminate\\Foundation\\Bootstrap\\BootProviders->bootstrap(Object(Illuminate\\Foundation\\Application))
#27 /Applications/XAMPP/xamppfiles/htdocs/LanguageWebsite/vendor/laravel/framework/src/Illuminate/Foundation/Console/Kernel.php(310): Illuminate\\Foundation\\Application->bootstrapWith(Array)
#28 /Applications/XAMPP/xamppfiles/htdocs/LanguageWebsite/vendor/laravel/framework/src/Illuminate/Foundation/Console/Kernel.php(127): Illuminate\\Foundation\\Console\\Kernel->bootstrap()
#29 /Applications/XAMPP/xamppfiles/htdocs/LanguageWebsite/artisan(37): Illuminate\\Foundation\\Console\\Kernel->handle(Object(Symfony\\Component\\Console\\Input\\ArgvInput), Object(Symfony\\Component\\Console\\Output\\ConsoleOutput))
#30 {main}
"} 
