[05-04-24 18:00:01] local.INFO: Showing orders at: 2024-04-05T18:00  
[05-04-24 18:00:02] local.INFO: Fetching order data at: 2024-04-05T18:00  
[05-04-24 18:01:54] local.INFO: -----------------------------------  
[05-04-24 18:01:54] local.INFO: book slot function  
[05-04-24 18:01:54] local.INFO: User 1 is attempting to book slot 148  
[05-04-24 18:01:54] local.INFO: Course ID:50  
[05-04-24 18:01:54] local.INFO: Student limit for slot ID 148: 14  
[05-04-24 18:01:54] local.INFO: get purchased courses function  
[05-04-24 18:01:54] local.INFO: List of purchased courses for user 1: []  
[05-04-24 18:01:54] local.INFO: List of current attendees for slot ID 148: []  
[05-04-24 18:01:54] local.INFO: Available slots for slot ID 148: 14  
[05-04-24 18:01:54] local.INFO: can user book live lesson function  
[05-04-24 18:01:54] local.INFO: User attendance record created for user 1 and lesson 507  
[05-04-24 18:01:54] local.INFO: Current attendance count for lesson ID 507: 0  
[05-04-24 18:01:54] local.INFO: Maximum allowed meetings: 2  
[05-04-24 18:01:54] local.INFO: Can the user book more meetings? Yes  
[05-04-24 18:01:54] local.INFO: User 1 can book more meetings for lesson ID 507  
[05-04-24 18:01:54] local.INFO: add user to meeting function  
[05-04-24 18:01:54] local.INFO: Booking created for User ID 1 and Lesson ID 507  
[05-04-24 18:01:54] local.INFO: Attendance count incremented for User ID 1 and Lesson ID 507: 1  
[05-04-24 18:01:54] local.INFO: is user attending meeting function  
[05-04-24 18:01:54] local.INFO: User 1 is already attending the meeting for slot ID 148  
