[18-04-24 11:40:07] local.INFO: Showing orders at: 2024-04-18T11:40  
[18-04-24 12:35:13] local.INFO: User Logged Out: Admin Istrator  
[18-04-24 13:23:03] local.INFO: -----------------------------------  
[18-04-24 13:23:03] local.INFO: stripe payment function  
[18-04-24 13:23:03] local.INFO: Entering stripePayment method for user ID: 3  
[18-04-24 13:23:35] local.ERROR: Error in stripePayment for user ID 3: cURL error 6: Could not resolve host: api.stripe.com (see https://curl.haxx.se/libcurl/c/libcurl-errors.html) for https://api.stripe.com/v1/charges  
[18-04-24 13:23:35] local.INFO: Payment failed. Redirecting with failure message.  
[18-04-24 13:25:49] local.INFO: -----------------------------------  
[18-04-24 13:25:49] local.INFO: stripe payment function  
[18-04-24 13:25:49] local.INFO: Entering stripePayment method for user ID: 3  
[18-04-24 13:26:03] local.INFO: Stripe payment request sent for user ID: 3  
[18-04-24 13:26:03] local.INFO: Stripe payment successful for user ID: 3  
[18-04-24 13:26:03] local.INFO: Cart controller - make order function  
[18-04-24 13:26:03] local.INFO: Entering makeOrder method for user ID: 3 at: 2024-04-18T13:26  
[18-04-24 13:26:04] local.INFO: Order created successfully for user ID: 3 - Order ID: 0 at: 2024-04-18T13:26  
[18-04-24 13:26:04] local.INFO: Items added to order successfully for user ID: 3 - Order ID: 0 at: 2024-04-18T13:26  
[18-04-24 13:26:05] local.INFO: Generating invoice for order ID: 0  
[18-04-24 13:26:05] local.INFO: Starting pdf generation  
[18-04-24 13:26:12] local.INFO: Blade pdf rendered  
[18-04-24 13:26:12] local.INFO: PDF invoice saved to: C:\xampp\htdocs\language\storage\app/public/invoices/invoice_0.pdf at 2024-04-18T13:26  
[18-04-24 13:26:12] local.INFO: Email being sent at: 2024-04-18T13:26  
[18-04-24 13:26:18] local.INFO: Attaching PDF to email at: 2024-04-18T13:26  
[18-04-24 13:26:28] local.INFO: Payment successful, pdf invoice created and sent as email: 3  
[18-04-24 13:27:55] local.INFO: Showing orders at: 2024-04-18T13:27  
[18-04-24 13:28:03] local.INFO: Fetching order data at: 2024-04-18T13:28  
[18-04-24 13:29:04] local.INFO: Fetching order data at: 2024-04-18T13:29  
[18-04-24 13:29:13] local.INFO: Showing order details at: 2024-04-18T13:29  
[18-04-24 13:29:22] local.INFO: Showing order details at: 2024-04-18T13:29  
[18-04-24 13:41:40] local.INFO: Showing orders at: 2024-04-18T13:41  
[18-04-24 13:41:45] local.INFO: Fetching order data at: 2024-04-18T13:41  
[18-04-24 14:23:05] local.INFO: Showing orders at: 2024-04-18T14:23  
[18-04-24 14:23:09] local.INFO: Fetching order data at: 2024-04-18T14:23  
[18-04-24 14:38:09] local.INFO: Showing orders at: 2024-04-18T14:38  
[18-04-24 14:38:13] local.INFO: Fetching order data at: 2024-04-18T14:38  
[18-04-24 14:54:41] local.ERROR: Illuminate\Routing\Exceptions\UrlGenerationException: Missing required parameter for [Route: admin.blogs.edit] [URI: user/blog/edit/{id}] [Missing parameter: id]. in C:\xampp\htdocs\language\vendor\laravel\framework\src\Illuminate\Routing\Exceptions\UrlGenerationException.php:35
Stack trace:
#0 C:\xampp\htdocs\language\vendor\laravel\framework\src\Illuminate\Routing\RouteUrlGenerator.php(91): Illuminate\Routing\Exceptions\UrlGenerationException::forMissingParameters(Object(Illuminate\Routing\Route), Array)
#1 C:\xampp\htdocs\language\vendor\laravel\framework\src\Illuminate\Routing\UrlGenerator.php(466): Illuminate\Routing\RouteUrlGenerator->to(Object(Illuminate\Routing\Route), Array, true)
#2 C:\xampp\htdocs\language\vendor\laravel\framework\src\Illuminate\Routing\UrlGenerator.php(441): Illuminate\Routing\UrlGenerator->toRoute(Object(Illuminate\Routing\Route), Array, true)
#3 C:\xampp\htdocs\language\vendor\laravel\framework\src\Illuminate\Foundation\helpers.php(739): Illuminate\Routing\UrlGenerator->route('admin.blogs.edi...', Array, true)
#4 C:\xampp\htdocs\language\app\Http\Controllers\Backend\Admin\BlogController.php(75): route('admin.blogs.edi...', Array)
#5 C:\xampp\htdocs\language\vendor\laravel\framework\src\Illuminate\Container\BoundMethod.php(36): App\Http\Controllers\Backend\Admin\BlogController->App\Http\Controllers\Backend\Admin\{closure}(Object(App\Models\Blog))
#6 C:\xampp\htdocs\language\vendor\laravel\framework\src\Illuminate\Container\Util.php(40): Illuminate\Container\BoundMethod::Illuminate\Container\{closure}()
#7 C:\xampp\htdocs\language\vendor\laravel\framework\src\Illuminate\Container\BoundMethod.php(81): Illuminate\Container\Util::unwrapIfClosure(Object(Closure))
#8 C:\xampp\htdocs\language\vendor\laravel\framework\src\Illuminate\Container\BoundMethod.php(37): Illuminate\Container\BoundMethod::callBoundMethod(Object(Illuminate\Foundation\Application), Object(Closure), Object(Closure))
#9 C:\xampp\htdocs\language\vendor\laravel\framework\src\Illuminate\Container\Container.php(653): Illuminate\Container\BoundMethod::call(Object(Illuminate\Foundation\Application), Object(Closure), Array, NULL)
#10 C:\xampp\htdocs\language\vendor\yajra\laravel-datatables-oracle\src\Utilities\Helper.php(71): Illuminate\Container\Container->call(Object(Closure), Array)
#11 C:\xampp\htdocs\language\vendor\yajra\laravel-datatables-oracle\src\Processors\DataProcessor.php(137): Yajra\DataTables\Utilities\Helper::compileContent(Object(Closure), Array, Object(App\Models\Blog))
#12 C:\xampp\htdocs\language\vendor\yajra\laravel-datatables-oracle\src\Processors\DataProcessor.php(106): Yajra\DataTables\Processors\DataProcessor->addColumns(Array, Object(App\Models\Blog))
#13 C:\xampp\htdocs\language\vendor\yajra\laravel-datatables-oracle\src\DataTableAbstract.php(806): Yajra\DataTables\Processors\DataProcessor->process(true)
#14 C:\xampp\htdocs\language\vendor\yajra\laravel-datatables-oracle\src\QueryDataTable.php(102): Yajra\DataTables\DataTableAbstract->processResults(Object(Illuminate\Database\Eloquent\Collection), true)
#15 C:\xampp\htdocs\language\app\Http\Controllers\Backend\Admin\BlogController.php(102): Yajra\DataTables\QueryDataTable->make()
#16 C:\xampp\htdocs\language\vendor\laravel\framework\src\Illuminate\Routing\Controller.php(54): App\Http\Controllers\Backend\Admin\BlogController->getData(Object(Illuminate\Http\Request))
#17 C:\xampp\htdocs\language\vendor\laravel\framework\src\Illuminate\Routing\ControllerDispatcher.php(45): Illuminate\Routing\Controller->callAction('getData', Array)
#18 C:\xampp\htdocs\language\vendor\laravel\framework\src\Illuminate\Routing\Route.php(262): Illuminate\Routing\ControllerDispatcher->dispatch(Object(Illuminate\Routing\Route), Object(App\Http\Controllers\Backend\Admin\BlogController), 'getData')
#19 C:\xampp\htdocs\language\vendor\laravel\framework\src\Illuminate\Routing\Route.php(205): Illuminate\Routing\Route->runController()
#20 C:\xampp\htdocs\language\vendor\laravel\framework\src\Illuminate\Routing\Router.php(721): Illuminate\Routing\Route->run()
#21 C:\xampp\htdocs\language\vendor\laravel\framework\src\Illuminate\Pipeline\Pipeline.php(128): Illuminate\Routing\Router->Illuminate\Routing\{closure}(Object(Illuminate\Http\Request))
#22 C:\xampp\htdocs\language\vendor\spatie\laravel-permission\src\Middlewares\PermissionMiddleware.php(22): Illuminate\Pipeline\Pipeline->Illuminate\Pipeline\{closure}(Object(Illuminate\Http\Request))
#23 C:\xampp\htdocs\language\vendor\laravel\framework\src\Illuminate\Pipeline\Pipeline.php(167): Spatie\Permission\Middlewares\PermissionMiddleware->handle(Object(Illuminate\Http\Request), Object(Closure), 'view backend')
#24 C:\xampp\htdocs\language\app\Http\Middleware\PasswordExpires.php(31): Illuminate\Pipeline\Pipeline->Illuminate\Pipeline\{closure}(Object(Illuminate\Http\Request))
#25 C:\xampp\htdocs\language\vendor\laravel\framework\src\Illuminate\Pipeline\Pipeline.php(167): App\Http\Middleware\PasswordExpires->handle(Object(Illuminate\Http\Request), Object(Closure))
#26 C:\xampp\htdocs\language\app\Http\Middleware\LocaleMiddleware.php(58): Illuminate\Pipeline\Pipeline->Illuminate\Pipeline\{closure}(Object(Illuminate\Http\Request))
#27 C:\xampp\htdocs\language\vendor\laravel\framework\src\Illuminate\Pipeline\Pipeline.php(167): App\Http\Middleware\LocaleMiddleware->handle(Object(Illuminate\Http\Request), Object(Closure))
#28 C:\xampp\htdocs\language\vendor\laravel\framework\src\Illuminate\Routing\Middleware\SubstituteBindings.php(50): Illuminate\Pipeline\Pipeline->Illuminate\Pipeline\{closure}(Object(Illuminate\Http\Request))
#29 C:\xampp\htdocs\language\vendor\laravel\framework\src\Illuminate\Pipeline\Pipeline.php(167): Illuminate\Routing\Middleware\SubstituteBindings->handle(Object(Illuminate\Http\Request), Object(Closure))
#30 C:\xampp\htdocs\language\vendor\laravel\framework\src\Illuminate\Auth\Middleware\Authenticate.php(44): Illuminate\Pipeline\Pipeline->Illuminate\Pipeline\{closure}(Object(Illuminate\Http\Request))
#31 C:\xampp\htdocs\language\vendor\laravel\framework\src\Illuminate\Pipeline\Pipeline.php(167): Illuminate\Auth\Middleware\Authenticate->handle(Object(Illuminate\Http\Request), Object(Closure))
#32 C:\xampp\htdocs\language\vendor\laravel\framework\src\Illuminate\Foundation\Http\Middleware\VerifyCsrfToken.php(78): Illuminate\Pipeline\Pipeline->Illuminate\Pipeline\{closure}(Object(Illuminate\Http\Request))
#33 C:\xampp\htdocs\language\vendor\laravel\framework\src\Illuminate\Pipeline\Pipeline.php(167): Illuminate\Foundation\Http\Middleware\VerifyCsrfToken->handle(Object(Illuminate\Http\Request), Object(Closure))
#34 C:\xampp\htdocs\language\vendor\laravel\framework\src\Illuminate\Cookie\Middleware\AddQueuedCookiesToResponse.php(37): Illuminate\Pipeline\Pipeline->Illuminate\Pipeline\{closure}(Object(Illuminate\Http\Request))
#35 C:\xampp\htdocs\language\vendor\laravel\framework\src\Illuminate\Pipeline\Pipeline.php(167): Illuminate\Cookie\Middleware\AddQueuedCookiesToResponse->handle(Object(Illuminate\Http\Request), Object(Closure))
#36 C:\xampp\htdocs\language\vendor\laravel\framework\src\Illuminate\Cookie\Middleware\EncryptCookies.php(67): Illuminate\Pipeline\Pipeline->Illuminate\Pipeline\{closure}(Object(Illuminate\Http\Request))
#37 C:\xampp\htdocs\language\vendor\laravel\framework\src\Illuminate\Pipeline\Pipeline.php(167): Illuminate\Cookie\Middleware\EncryptCookies->handle(Object(Illuminate\Http\Request), Object(Closure))
#38 C:\xampp\htdocs\language\vendor\laravel\framework\src\Illuminate\Pipeline\Pipeline.php(103): Illuminate\Pipeline\Pipeline->Illuminate\Pipeline\{closure}(Object(Illuminate\Http\Request))
#39 C:\xampp\htdocs\language\vendor\laravel\framework\src\Illuminate\Routing\Router.php(723): Illuminate\Pipeline\Pipeline->then(Object(Closure))
#40 C:\xampp\htdocs\language\vendor\laravel\framework\src\Illuminate\Routing\Router.php(698): Illuminate\Routing\Router->runRouteWithinStack(Object(Illuminate\Routing\Route), Object(Illuminate\Http\Request))
#41 C:\xampp\htdocs\language\vendor\laravel\framework\src\Illuminate\Routing\Router.php(662): Illuminate\Routing\Router->runRoute(Object(Illuminate\Http\Request), Object(Illuminate\Routing\Route))
#42 C:\xampp\htdocs\language\vendor\laravel\framework\src\Illuminate\Routing\Router.php(651): Illuminate\Routing\Router->dispatchToRoute(Object(Illuminate\Http\Request))
#43 C:\xampp\htdocs\language\vendor\laravel\framework\src\Illuminate\Foundation\Http\Kernel.php(167): Illuminate\Routing\Router->dispatch(Object(Illuminate\Http\Request))
#44 C:\xampp\htdocs\language\vendor\laravel\framework\src\Illuminate\Pipeline\Pipeline.php(128): Illuminate\Foundation\Http\Kernel->Illuminate\Foundation\Http\{closure}(Object(Illuminate\Http\Request))
#45 C:\xampp\htdocs\language\vendor\barryvdh\laravel-debugbar\src\Middleware\InjectDebugbar.php(59): Illuminate\Pipeline\Pipeline->Illuminate\Pipeline\{closure}(Object(Illuminate\Http\Request))
#46 C:\xampp\htdocs\language\vendor\laravel\framework\src\Illuminate\Pipeline\Pipeline.php(167): Barryvdh\Debugbar\Middleware\InjectDebugbar->handle(Object(Illuminate\Http\Request), Object(Closure))
#47 C:\xampp\htdocs\language\vendor\laravel\framework\src\Illuminate\View\Middleware\ShareErrorsFromSession.php(49): Illuminate\Pipeline\Pipeline->Illuminate\Pipeline\{closure}(Object(Illuminate\Http\Request))
#48 C:\xampp\htdocs\language\vendor\laravel\framework\src\Illuminate\Pipeline\Pipeline.php(167): Illuminate\View\Middleware\ShareErrorsFromSession->handle(Object(Illuminate\Http\Request), Object(Closure))
#49 C:\xampp\htdocs\language\vendor\laravel\framework\src\Illuminate\Session\Middleware\StartSession.php(121): Illuminate\Pipeline\Pipeline->Illuminate\Pipeline\{closure}(Object(Illuminate\Http\Request))
#50 C:\xampp\htdocs\language\vendor\laravel\framework\src\Illuminate\Session\Middleware\StartSession.php(64): Illuminate\Session\Middleware\StartSession->handleStatefulRequest(Object(Illuminate\Http\Request), Object(Illuminate\Session\Store), Object(Closure))
#51 C:\xampp\htdocs\language\vendor\laravel\framework\src\Illuminate\Pipeline\Pipeline.php(167): Illuminate\Session\Middleware\StartSession->handle(Object(Illuminate\Http\Request), Object(Closure))
#52 C:\xampp\htdocs\language\vendor\fideloper\proxy\src\TrustProxies.php(57): Illuminate\Pipeline\Pipeline->Illuminate\Pipeline\{closure}(Object(Illuminate\Http\Request))
#53 C:\xampp\htdocs\language\vendor\laravel\framework\src\Illuminate\Pipeline\Pipeline.php(167): Fideloper\Proxy\TrustProxies->handle(Object(Illuminate\Http\Request), Object(Closure))
#54 C:\xampp\htdocs\language\vendor\laravel\framework\src\Illuminate\Foundation\Http\Middleware\TransformsRequest.php(21): Illuminate\Pipeline\Pipeline->Illuminate\Pipeline\{closure}(Object(Illuminate\Http\Request))
#55 C:\xampp\htdocs\language\vendor\laravel\framework\src\Illuminate\Foundation\Http\Middleware\ConvertEmptyStringsToNull.php(31): Illuminate\Foundation\Http\Middleware\TransformsRequest->handle(Object(Illuminate\Http\Request), Object(Closure))
#56 C:\xampp\htdocs\language\vendor\laravel\framework\src\Illuminate\Pipeline\Pipeline.php(167): Illuminate\Foundation\Http\Middleware\ConvertEmptyStringsToNull->handle(Object(Illuminate\Http\Request), Object(Closure))
#57 C:\xampp\htdocs\language\vendor\laravel\framework\src\Illuminate\Foundation\Http\Middleware\TransformsRequest.php(21): Illuminate\Pipeline\Pipeline->Illuminate\Pipeline\{closure}(Object(Illuminate\Http\Request))
#58 C:\xampp\htdocs\language\vendor\laravel\framework\src\Illuminate\Foundation\Http\Middleware\TrimStrings.php(40): Illuminate\Foundation\Http\Middleware\TransformsRequest->handle(Object(Illuminate\Http\Request), Object(Closure))
#59 C:\xampp\htdocs\language\vendor\laravel\framework\src\Illuminate\Pipeline\Pipeline.php(167): Illuminate\Foundation\Http\Middleware\TrimStrings->handle(Object(Illuminate\Http\Request), Object(Closure))
#60 C:\xampp\htdocs\language\vendor\laravel\framework\src\Illuminate\Foundation\Http\Middleware\ValidatePostSize.php(27): Illuminate\Pipeline\Pipeline->Illuminate\Pipeline\{closure}(Object(Illuminate\Http\Request))
#61 C:\xampp\htdocs\language\vendor\laravel\framework\src\Illuminate\Pipeline\Pipeline.php(167): Illuminate\Foundation\Http\Middleware\ValidatePostSize->handle(Object(Illuminate\Http\Request), Object(Closure))
#62 C:\xampp\htdocs\language\vendor\laravel\framework\src\Illuminate\Foundation\Http\Middleware\PreventRequestsDuringMaintenance.php(86): Illuminate\Pipeline\Pipeline->Illuminate\Pipeline\{closure}(Object(Illuminate\Http\Request))
#63 C:\xampp\htdocs\language\vendor\laravel\framework\src\Illuminate\Pipeline\Pipeline.php(167): Illuminate\Foundation\Http\Middleware\PreventRequestsDuringMaintenance->handle(Object(Illuminate\Http\Request), Object(Closure))
#64 C:\xampp\htdocs\language\vendor\laravel\framework\src\Illuminate\Pipeline\Pipeline.php(103): Illuminate\Pipeline\Pipeline->Illuminate\Pipeline\{closure}(Object(Illuminate\Http\Request))
#65 C:\xampp\htdocs\language\vendor\laravel\framework\src\Illuminate\Foundation\Http\Kernel.php(142): Illuminate\Pipeline\Pipeline->then(Object(Closure))
#66 C:\xampp\htdocs\language\vendor\laravel\framework\src\Illuminate\Foundation\Http\Kernel.php(111): Illuminate\Foundation\Http\Kernel->sendRequestThroughRouter(Object(Illuminate\Http\Request))
#67 C:\xampp\htdocs\language\public\index.php(59): Illuminate\Foundation\Http\Kernel->handle(Object(Illuminate\Http\Request))
#68 C:\xampp\htdocs\language\server.php(19): require_once('C:\\xampp\\htdocs...')
#69 {main}  
[18-04-24 19:25:08] local.ERROR: Maximum execution time of 60 seconds exceeded {"exception":"[object] (Symfony\\Component\\ErrorHandler\\Error\\FatalError(code: 0): Maximum execution time of 60 seconds exceeded at C:\\xampp\\htdocs\\language\\vendor\\laravel\\cashier\\src\\Cashier.php:193)
[stacktrace]
#0 {main}
"} 
