[16-04-24 14:47:08] local.INFO: Showing orders at: 2024-04-16T14:47  
[16-04-24 14:47:13] local.INFO: Fetching order data at: 2024-04-16T14:47  
[16-04-24 14:47:31] local.ERROR: Illuminate\Routing\Exceptions\UrlGenerationException: Missing required parameter for [Route: admin.blogs.edit] [URI: user/blog/edit/{id}] [Missing parameter: id]. in C:\xampp\htdocs\language\vendor\laravel\framework\src\Illuminate\Routing\Exceptions\UrlGenerationException.php:35
Stack trace:
#0 C:\xampp\htdocs\language\vendor\laravel\framework\src\Illuminate\Routing\RouteUrlGenerator.php(91): Illuminate\Routing\Exceptions\UrlGenerationException::forMissingParameters(Object(Illuminate\Routing\Route), Array)
#1 C:\xampp\htdocs\language\vendor\laravel\framework\src\Illuminate\Routing\UrlGenerator.php(466): Illuminate\Routing\RouteUrlGenerator->to(Object(Illuminate\Routing\Route), Array, true)
#2 C:\xampp\htdocs\language\vendor\laravel\framework\src\Illuminate\Routing\UrlGenerator.php(441): Illuminate\Routing\UrlGenerator->toRoute(Object(Illuminate\Routing\Route), Array, true)
#3 C:\xampp\htdocs\language\vendor\laravel\framework\src\Illuminate\Foundation\helpers.php(739): Illuminate\Routing\UrlGenerator->route('admin.blogs.edi...', Array, true)
#4 C:\xampp\htdocs\language\app\Http\Controllers\Backend\Admin\BlogController.php(75): route('admin.blogs.edi...', Array)
#5 C:\xampp\htdocs\language\vendor\laravel\framework\src\Illuminate\Container\BoundMethod.php(36): App\Http\Controllers\Backend\Admin\BlogController->App\Http\Controllers\Backend\Admin\{closure}(Object(App\Models\Blog))
#6 C:\xampp\htdocs\language\vendor\laravel\framework\src\Illuminate\Container\Util.php(40): Illuminate\Container\BoundMethod::Illuminate\Container\{closure}()
#7 C:\xampp\htdocs\language\vendor\laravel\framework\src\Illuminate\Container\BoundMethod.php(81): Illuminate\Container\Util::unwrapIfClosure(Object(Closure))
#8 C:\xampp\htdocs\language\vendor\laravel\framework\src\Illuminate\Container\BoundMethod.php(37): Illuminate\Container\BoundMethod::callBoundMethod(Object(Illuminate\Foundation\Application), Object(Closure), Object(Closure))
#9 C:\xampp\htdocs\language\vendor\laravel\framework\src\Illuminate\Container\Container.php(653): Illuminate\Container\BoundMethod::call(Object(Illuminate\Foundation\Application), Object(Closure), Array, NULL)
#10 C:\xampp\htdocs\language\vendor\yajra\laravel-datatables-oracle\src\Utilities\Helper.php(71): Illuminate\Container\Container->call(Object(Closure), Array)
#11 C:\xampp\htdocs\language\vendor\yajra\laravel-datatables-oracle\src\Processors\DataProcessor.php(137): Yajra\DataTables\Utilities\Helper::compileContent(Object(Closure), Array, Object(App\Models\Blog))
#12 C:\xampp\htdocs\language\vendor\yajra\laravel-datatables-oracle\src\Processors\DataProcessor.php(106): Yajra\DataTables\Processors\DataProcessor->addColumns(Array, Object(App\Models\Blog))
#13 C:\xampp\htdocs\language\vendor\yajra\laravel-datatables-oracle\src\DataTableAbstract.php(806): Yajra\DataTables\Processors\DataProcessor->process(true)
#14 C:\xampp\htdocs\language\vendor\yajra\laravel-datatables-oracle\src\QueryDataTable.php(102): Yajra\DataTables\DataTableAbstract->processResults(Object(Illuminate\Database\Eloquent\Collection), true)
#15 C:\xampp\htdocs\language\app\Http\Controllers\Backend\Admin\BlogController.php(102): Yajra\DataTables\QueryDataTable->make()
#16 C:\xampp\htdocs\language\vendor\laravel\framework\src\Illuminate\Routing\Controller.php(54): App\Http\Controllers\Backend\Admin\BlogController->getData(Object(Illuminate\Http\Request))
#17 C:\xampp\htdocs\language\vendor\laravel\framework\src\Illuminate\Routing\ControllerDispatcher.php(45): Illuminate\Routing\Controller->callAction('getData', Array)
#18 C:\xampp\htdocs\language\vendor\laravel\framework\src\Illuminate\Routing\Route.php(262): Illuminate\Routing\ControllerDispatcher->dispatch(Object(Illuminate\Routing\Route), Object(App\Http\Controllers\Backend\Admin\BlogController), 'getData')
#19 C:\xampp\htdocs\language\vendor\laravel\framework\src\Illuminate\Routing\Route.php(205): Illuminate\Routing\Route->runController()
#20 C:\xampp\htdocs\language\vendor\laravel\framework\src\Illuminate\Routing\Router.php(721): Illuminate\Routing\Route->run()
#21 C:\xampp\htdocs\language\vendor\laravel\framework\src\Illuminate\Pipeline\Pipeline.php(128): Illuminate\Routing\Router->Illuminate\Routing\{closure}(Object(Illuminate\Http\Request))
#22 C:\xampp\htdocs\language\vendor\spatie\laravel-permission\src\Middlewares\PermissionMiddleware.php(22): Illuminate\Pipeline\Pipeline->Illuminate\Pipeline\{closure}(Object(Illuminate\Http\Request))
#23 C:\xampp\htdocs\language\vendor\laravel\framework\src\Illuminate\Pipeline\Pipeline.php(167): Spatie\Permission\Middlewares\PermissionMiddleware->handle(Object(Illuminate\Http\Request), Object(Closure), 'view backend')
#24 C:\xampp\htdocs\language\app\Http\Middleware\PasswordExpires.php(31): Illuminate\Pipeline\Pipeline->Illuminate\Pipeline\{closure}(Object(Illuminate\Http\Request))
#25 C:\xampp\htdocs\language\vendor\laravel\framework\src\Illuminate\Pipeline\Pipeline.php(167): App\Http\Middleware\PasswordExpires->handle(Object(Illuminate\Http\Request), Object(Closure))
#26 C:\xampp\htdocs\language\app\Http\Middleware\LocaleMiddleware.php(58): Illuminate\Pipeline\Pipeline->Illuminate\Pipeline\{closure}(Object(Illuminate\Http\Request))
#27 C:\xampp\htdocs\language\vendor\laravel\framework\src\Illuminate\Pipeline\Pipeline.php(167): App\Http\Middleware\LocaleMiddleware->handle(Object(Illuminate\Http\Request), Object(Closure))
#28 C:\xampp\htdocs\language\vendor\laravel\framework\src\Illuminate\Routing\Middleware\SubstituteBindings.php(50): Illuminate\Pipeline\Pipeline->Illuminate\Pipeline\{closure}(Object(Illuminate\Http\Request))
#29 C:\xampp\htdocs\language\vendor\laravel\framework\src\Illuminate\Pipeline\Pipeline.php(167): Illuminate\Routing\Middleware\SubstituteBindings->handle(Object(Illuminate\Http\Request), Object(Closure))
#30 C:\xampp\htdocs\language\vendor\laravel\framework\src\Illuminate\Auth\Middleware\Authenticate.php(44): Illuminate\Pipeline\Pipeline->Illuminate\Pipeline\{closure}(Object(Illuminate\Http\Request))
#31 C:\xampp\htdocs\language\vendor\laravel\framework\src\Illuminate\Pipeline\Pipeline.php(167): Illuminate\Auth\Middleware\Authenticate->handle(Object(Illuminate\Http\Request), Object(Closure))
#32 C:\xampp\htdocs\language\vendor\laravel\framework\src\Illuminate\Foundation\Http\Middleware\VerifyCsrfToken.php(78): Illuminate\Pipeline\Pipeline->Illuminate\Pipeline\{closure}(Object(Illuminate\Http\Request))
#33 C:\xampp\htdocs\language\vendor\laravel\framework\src\Illuminate\Pipeline\Pipeline.php(167): Illuminate\Foundation\Http\Middleware\VerifyCsrfToken->handle(Object(Illuminate\Http\Request), Object(Closure))
#34 C:\xampp\htdocs\language\vendor\laravel\framework\src\Illuminate\Cookie\Middleware\AddQueuedCookiesToResponse.php(37): Illuminate\Pipeline\Pipeline->Illuminate\Pipeline\{closure}(Object(Illuminate\Http\Request))
#35 C:\xampp\htdocs\language\vendor\laravel\framework\src\Illuminate\Pipeline\Pipeline.php(167): Illuminate\Cookie\Middleware\AddQueuedCookiesToResponse->handle(Object(Illuminate\Http\Request), Object(Closure))
#36 C:\xampp\htdocs\language\vendor\laravel\framework\src\Illuminate\Cookie\Middleware\EncryptCookies.php(67): Illuminate\Pipeline\Pipeline->Illuminate\Pipeline\{closure}(Object(Illuminate\Http\Request))
#37 C:\xampp\htdocs\language\vendor\laravel\framework\src\Illuminate\Pipeline\Pipeline.php(167): Illuminate\Cookie\Middleware\EncryptCookies->handle(Object(Illuminate\Http\Request), Object(Closure))
#38 C:\xampp\htdocs\language\vendor\laravel\framework\src\Illuminate\Pipeline\Pipeline.php(103): Illuminate\Pipeline\Pipeline->Illuminate\Pipeline\{closure}(Object(Illuminate\Http\Request))
#39 C:\xampp\htdocs\language\vendor\laravel\framework\src\Illuminate\Routing\Router.php(723): Illuminate\Pipeline\Pipeline->then(Object(Closure))
#40 C:\xampp\htdocs\language\vendor\laravel\framework\src\Illuminate\Routing\Router.php(698): Illuminate\Routing\Router->runRouteWithinStack(Object(Illuminate\Routing\Route), Object(Illuminate\Http\Request))
#41 C:\xampp\htdocs\language\vendor\laravel\framework\src\Illuminate\Routing\Router.php(662): Illuminate\Routing\Router->runRoute(Object(Illuminate\Http\Request), Object(Illuminate\Routing\Route))
#42 C:\xampp\htdocs\language\vendor\laravel\framework\src\Illuminate\Routing\Router.php(651): Illuminate\Routing\Router->dispatchToRoute(Object(Illuminate\Http\Request))
#43 C:\xampp\htdocs\language\vendor\laravel\framework\src\Illuminate\Foundation\Http\Kernel.php(167): Illuminate\Routing\Router->dispatch(Object(Illuminate\Http\Request))
#44 C:\xampp\htdocs\language\vendor\laravel\framework\src\Illuminate\Pipeline\Pipeline.php(128): Illuminate\Foundation\Http\Kernel->Illuminate\Foundation\Http\{closure}(Object(Illuminate\Http\Request))
#45 C:\xampp\htdocs\language\vendor\barryvdh\laravel-debugbar\src\Middleware\InjectDebugbar.php(59): Illuminate\Pipeline\Pipeline->Illuminate\Pipeline\{closure}(Object(Illuminate\Http\Request))
#46 C:\xampp\htdocs\language\vendor\laravel\framework\src\Illuminate\Pipeline\Pipeline.php(167): Barryvdh\Debugbar\Middleware\InjectDebugbar->handle(Object(Illuminate\Http\Request), Object(Closure))
#47 C:\xampp\htdocs\language\vendor\laravel\framework\src\Illuminate\View\Middleware\ShareErrorsFromSession.php(49): Illuminate\Pipeline\Pipeline->Illuminate\Pipeline\{closure}(Object(Illuminate\Http\Request))
#48 C:\xampp\htdocs\language\vendor\laravel\framework\src\Illuminate\Pipeline\Pipeline.php(167): Illuminate\View\Middleware\ShareErrorsFromSession->handle(Object(Illuminate\Http\Request), Object(Closure))
#49 C:\xampp\htdocs\language\vendor\laravel\framework\src\Illuminate\Session\Middleware\StartSession.php(121): Illuminate\Pipeline\Pipeline->Illuminate\Pipeline\{closure}(Object(Illuminate\Http\Request))
#50 C:\xampp\htdocs\language\vendor\laravel\framework\src\Illuminate\Session\Middleware\StartSession.php(64): Illuminate\Session\Middleware\StartSession->handleStatefulRequest(Object(Illuminate\Http\Request), Object(Illuminate\Session\Store), Object(Closure))
#51 C:\xampp\htdocs\language\vendor\laravel\framework\src\Illuminate\Pipeline\Pipeline.php(167): Illuminate\Session\Middleware\StartSession->handle(Object(Illuminate\Http\Request), Object(Closure))
#52 C:\xampp\htdocs\language\vendor\fideloper\proxy\src\TrustProxies.php(57): Illuminate\Pipeline\Pipeline->Illuminate\Pipeline\{closure}(Object(Illuminate\Http\Request))
#53 C:\xampp\htdocs\language\vendor\laravel\framework\src\Illuminate\Pipeline\Pipeline.php(167): Fideloper\Proxy\TrustProxies->handle(Object(Illuminate\Http\Request), Object(Closure))
#54 C:\xampp\htdocs\language\vendor\laravel\framework\src\Illuminate\Foundation\Http\Middleware\TransformsRequest.php(21): Illuminate\Pipeline\Pipeline->Illuminate\Pipeline\{closure}(Object(Illuminate\Http\Request))
#55 C:\xampp\htdocs\language\vendor\laravel\framework\src\Illuminate\Foundation\Http\Middleware\ConvertEmptyStringsToNull.php(31): Illuminate\Foundation\Http\Middleware\TransformsRequest->handle(Object(Illuminate\Http\Request), Object(Closure))
#56 C:\xampp\htdocs\language\vendor\laravel\framework\src\Illuminate\Pipeline\Pipeline.php(167): Illuminate\Foundation\Http\Middleware\ConvertEmptyStringsToNull->handle(Object(Illuminate\Http\Request), Object(Closure))
#57 C:\xampp\htdocs\language\vendor\laravel\framework\src\Illuminate\Foundation\Http\Middleware\TransformsRequest.php(21): Illuminate\Pipeline\Pipeline->Illuminate\Pipeline\{closure}(Object(Illuminate\Http\Request))
#58 C:\xampp\htdocs\language\vendor\laravel\framework\src\Illuminate\Foundation\Http\Middleware\TrimStrings.php(40): Illuminate\Foundation\Http\Middleware\TransformsRequest->handle(Object(Illuminate\Http\Request), Object(Closure))
#59 C:\xampp\htdocs\language\vendor\laravel\framework\src\Illuminate\Pipeline\Pipeline.php(167): Illuminate\Foundation\Http\Middleware\TrimStrings->handle(Object(Illuminate\Http\Request), Object(Closure))
#60 C:\xampp\htdocs\language\vendor\laravel\framework\src\Illuminate\Foundation\Http\Middleware\ValidatePostSize.php(27): Illuminate\Pipeline\Pipeline->Illuminate\Pipeline\{closure}(Object(Illuminate\Http\Request))
#61 C:\xampp\htdocs\language\vendor\laravel\framework\src\Illuminate\Pipeline\Pipeline.php(167): Illuminate\Foundation\Http\Middleware\ValidatePostSize->handle(Object(Illuminate\Http\Request), Object(Closure))
#62 C:\xampp\htdocs\language\vendor\laravel\framework\src\Illuminate\Foundation\Http\Middleware\PreventRequestsDuringMaintenance.php(86): Illuminate\Pipeline\Pipeline->Illuminate\Pipeline\{closure}(Object(Illuminate\Http\Request))
#63 C:\xampp\htdocs\language\vendor\laravel\framework\src\Illuminate\Pipeline\Pipeline.php(167): Illuminate\Foundation\Http\Middleware\PreventRequestsDuringMaintenance->handle(Object(Illuminate\Http\Request), Object(Closure))
#64 C:\xampp\htdocs\language\vendor\laravel\framework\src\Illuminate\Pipeline\Pipeline.php(103): Illuminate\Pipeline\Pipeline->Illuminate\Pipeline\{closure}(Object(Illuminate\Http\Request))
#65 C:\xampp\htdocs\language\vendor\laravel\framework\src\Illuminate\Foundation\Http\Kernel.php(142): Illuminate\Pipeline\Pipeline->then(Object(Closure))
#66 C:\xampp\htdocs\language\vendor\laravel\framework\src\Illuminate\Foundation\Http\Kernel.php(111): Illuminate\Foundation\Http\Kernel->sendRequestThroughRouter(Object(Illuminate\Http\Request))
#67 C:\xampp\htdocs\language\public\index.php(59): Illuminate\Foundation\Http\Kernel->handle(Object(Illuminate\Http\Request))
#68 C:\xampp\htdocs\language\server.php(19): require_once('C:\\xampp\\htdocs...')
#69 {main}  
[16-04-24 14:48:03] local.ERROR: Target class [App\Http\Controllers\Backend\Admin\CouponController] does not exist. {"userId":1,"exception":"[object] (Illuminate\\Contracts\\Container\\BindingResolutionException(code: 0): Target class [App\\Http\\Controllers\\Backend\\Admin\\CouponController] does not exist. at C:\\xampp\\htdocs\\language\\vendor\\laravel\\framework\\src\\Illuminate\\Container\\Container.php:879)
[stacktrace]
#0 C:\\xampp\\htdocs\\language\\vendor\\laravel\\framework\\src\\Illuminate\\Container\\Container.php(758): Illuminate\\Container\\Container->build('App\\\\Http\\\\Contro...')
#1 C:\\xampp\\htdocs\\language\\vendor\\laravel\\framework\\src\\Illuminate\\Foundation\\Application.php(851): Illuminate\\Container\\Container->resolve('App\\\\Http\\\\Contro...', Array, true)
#2 C:\\xampp\\htdocs\\language\\vendor\\laravel\\framework\\src\\Illuminate\\Container\\Container.php(694): Illuminate\\Foundation\\Application->resolve('App\\\\Http\\\\Contro...', Array)
#3 C:\\xampp\\htdocs\\language\\vendor\\laravel\\framework\\src\\Illuminate\\Foundation\\Application.php(836): Illuminate\\Container\\Container->make('App\\\\Http\\\\Contro...', Array)
#4 C:\\xampp\\htdocs\\language\\vendor\\laravel\\framework\\src\\Illuminate\\Routing\\Route.php(276): Illuminate\\Foundation\\Application->make('App\\\\Http\\\\Contro...')
#5 C:\\xampp\\htdocs\\language\\vendor\\laravel\\framework\\src\\Illuminate\\Routing\\Route.php(1080): Illuminate\\Routing\\Route->getController()
#6 C:\\xampp\\htdocs\\language\\vendor\\laravel\\framework\\src\\Illuminate\\Routing\\Route.php(1023): Illuminate\\Routing\\Route->controllerMiddleware()
#7 C:\\xampp\\htdocs\\language\\vendor\\laravel\\framework\\src\\Illuminate\\Routing\\Router.php(734): Illuminate\\Routing\\Route->gatherMiddleware()
#8 C:\\xampp\\htdocs\\language\\vendor\\laravel\\framework\\src\\Illuminate\\Routing\\Router.php(714): Illuminate\\Routing\\Router->gatherRouteMiddleware(Object(Illuminate\\Routing\\Route))
#9 C:\\xampp\\htdocs\\language\\vendor\\laravel\\framework\\src\\Illuminate\\Routing\\Router.php(698): Illuminate\\Routing\\Router->runRouteWithinStack(Object(Illuminate\\Routing\\Route), Object(Illuminate\\Http\\Request))
#10 C:\\xampp\\htdocs\\language\\vendor\\laravel\\framework\\src\\Illuminate\\Routing\\Router.php(662): Illuminate\\Routing\\Router->runRoute(Object(Illuminate\\Http\\Request), Object(Illuminate\\Routing\\Route))
#11 C:\\xampp\\htdocs\\language\\vendor\\laravel\\framework\\src\\Illuminate\\Routing\\Router.php(651): Illuminate\\Routing\\Router->dispatchToRoute(Object(Illuminate\\Http\\Request))
#12 C:\\xampp\\htdocs\\language\\vendor\\laravel\\framework\\src\\Illuminate\\Foundation\\Http\\Kernel.php(167): Illuminate\\Routing\\Router->dispatch(Object(Illuminate\\Http\\Request))
#13 C:\\xampp\\htdocs\\language\\vendor\\laravel\\framework\\src\\Illuminate\\Pipeline\\Pipeline.php(128): Illuminate\\Foundation\\Http\\Kernel->Illuminate\\Foundation\\Http\\{closure}(Object(Illuminate\\Http\\Request))
#14 C:\\xampp\\htdocs\\language\\vendor\\barryvdh\\laravel-debugbar\\src\\Middleware\\InjectDebugbar.php(59): Illuminate\\Pipeline\\Pipeline->Illuminate\\Pipeline\\{closure}(Object(Illuminate\\Http\\Request))
#15 C:\\xampp\\htdocs\\language\\vendor\\laravel\\framework\\src\\Illuminate\\Pipeline\\Pipeline.php(167): Barryvdh\\Debugbar\\Middleware\\InjectDebugbar->handle(Object(Illuminate\\Http\\Request), Object(Closure))
#16 C:\\xampp\\htdocs\\language\\vendor\\laravel\\framework\\src\\Illuminate\\View\\Middleware\\ShareErrorsFromSession.php(49): Illuminate\\Pipeline\\Pipeline->Illuminate\\Pipeline\\{closure}(Object(Illuminate\\Http\\Request))
#17 C:\\xampp\\htdocs\\language\\vendor\\laravel\\framework\\src\\Illuminate\\Pipeline\\Pipeline.php(167): Illuminate\\View\\Middleware\\ShareErrorsFromSession->handle(Object(Illuminate\\Http\\Request), Object(Closure))
#18 C:\\xampp\\htdocs\\language\\vendor\\laravel\\framework\\src\\Illuminate\\Session\\Middleware\\StartSession.php(121): Illuminate\\Pipeline\\Pipeline->Illuminate\\Pipeline\\{closure}(Object(Illuminate\\Http\\Request))
#19 C:\\xampp\\htdocs\\language\\vendor\\laravel\\framework\\src\\Illuminate\\Session\\Middleware\\StartSession.php(64): Illuminate\\Session\\Middleware\\StartSession->handleStatefulRequest(Object(Illuminate\\Http\\Request), Object(Illuminate\\Session\\Store), Object(Closure))
#20 C:\\xampp\\htdocs\\language\\vendor\\laravel\\framework\\src\\Illuminate\\Pipeline\\Pipeline.php(167): Illuminate\\Session\\Middleware\\StartSession->handle(Object(Illuminate\\Http\\Request), Object(Closure))
#21 C:\\xampp\\htdocs\\language\\vendor\\fideloper\\proxy\\src\\TrustProxies.php(57): Illuminate\\Pipeline\\Pipeline->Illuminate\\Pipeline\\{closure}(Object(Illuminate\\Http\\Request))
#22 C:\\xampp\\htdocs\\language\\vendor\\laravel\\framework\\src\\Illuminate\\Pipeline\\Pipeline.php(167): Fideloper\\Proxy\\TrustProxies->handle(Object(Illuminate\\Http\\Request), Object(Closure))
#23 C:\\xampp\\htdocs\\language\\vendor\\laravel\\framework\\src\\Illuminate\\Foundation\\Http\\Middleware\\TransformsRequest.php(21): Illuminate\\Pipeline\\Pipeline->Illuminate\\Pipeline\\{closure}(Object(Illuminate\\Http\\Request))
#24 C:\\xampp\\htdocs\\language\\vendor\\laravel\\framework\\src\\Illuminate\\Foundation\\Http\\Middleware\\ConvertEmptyStringsToNull.php(31): Illuminate\\Foundation\\Http\\Middleware\\TransformsRequest->handle(Object(Illuminate\\Http\\Request), Object(Closure))
#25 C:\\xampp\\htdocs\\language\\vendor\\laravel\\framework\\src\\Illuminate\\Pipeline\\Pipeline.php(167): Illuminate\\Foundation\\Http\\Middleware\\ConvertEmptyStringsToNull->handle(Object(Illuminate\\Http\\Request), Object(Closure))
#26 C:\\xampp\\htdocs\\language\\vendor\\laravel\\framework\\src\\Illuminate\\Foundation\\Http\\Middleware\\TransformsRequest.php(21): Illuminate\\Pipeline\\Pipeline->Illuminate\\Pipeline\\{closure}(Object(Illuminate\\Http\\Request))
#27 C:\\xampp\\htdocs\\language\\vendor\\laravel\\framework\\src\\Illuminate\\Foundation\\Http\\Middleware\\TrimStrings.php(40): Illuminate\\Foundation\\Http\\Middleware\\TransformsRequest->handle(Object(Illuminate\\Http\\Request), Object(Closure))
#28 C:\\xampp\\htdocs\\language\\vendor\\laravel\\framework\\src\\Illuminate\\Pipeline\\Pipeline.php(167): Illuminate\\Foundation\\Http\\Middleware\\TrimStrings->handle(Object(Illuminate\\Http\\Request), Object(Closure))
#29 C:\\xampp\\htdocs\\language\\vendor\\laravel\\framework\\src\\Illuminate\\Foundation\\Http\\Middleware\\ValidatePostSize.php(27): Illuminate\\Pipeline\\Pipeline->Illuminate\\Pipeline\\{closure}(Object(Illuminate\\Http\\Request))
#30 C:\\xampp\\htdocs\\language\\vendor\\laravel\\framework\\src\\Illuminate\\Pipeline\\Pipeline.php(167): Illuminate\\Foundation\\Http\\Middleware\\ValidatePostSize->handle(Object(Illuminate\\Http\\Request), Object(Closure))
#31 C:\\xampp\\htdocs\\language\\vendor\\laravel\\framework\\src\\Illuminate\\Foundation\\Http\\Middleware\\PreventRequestsDuringMaintenance.php(86): Illuminate\\Pipeline\\Pipeline->Illuminate\\Pipeline\\{closure}(Object(Illuminate\\Http\\Request))
#32 C:\\xampp\\htdocs\\language\\vendor\\laravel\\framework\\src\\Illuminate\\Pipeline\\Pipeline.php(167): Illuminate\\Foundation\\Http\\Middleware\\PreventRequestsDuringMaintenance->handle(Object(Illuminate\\Http\\Request), Object(Closure))
#33 C:\\xampp\\htdocs\\language\\vendor\\laravel\\framework\\src\\Illuminate\\Pipeline\\Pipeline.php(103): Illuminate\\Pipeline\\Pipeline->Illuminate\\Pipeline\\{closure}(Object(Illuminate\\Http\\Request))
#34 C:\\xampp\\htdocs\\language\\vendor\\laravel\\framework\\src\\Illuminate\\Foundation\\Http\\Kernel.php(142): Illuminate\\Pipeline\\Pipeline->then(Object(Closure))
#35 C:\\xampp\\htdocs\\language\\vendor\\laravel\\framework\\src\\Illuminate\\Foundation\\Http\\Kernel.php(111): Illuminate\\Foundation\\Http\\Kernel->sendRequestThroughRouter(Object(Illuminate\\Http\\Request))
#36 C:\\xampp\\htdocs\\language\\public\\index.php(59): Illuminate\\Foundation\\Http\\Kernel->handle(Object(Illuminate\\Http\\Request))
#37 C:\\xampp\\htdocs\\language\\server.php(19): require_once('C:\\\\xampp\\\\htdocs...')
#38 {main}

[previous exception] [object] (ReflectionException(code: -1): Class App\\Http\\Controllers\\Backend\\Admin\\CouponController does not exist at C:\\xampp\\htdocs\\language\\vendor\\laravel\\framework\\src\\Illuminate\\Container\\Container.php:877)
[stacktrace]
#0 C:\\xampp\\htdocs\\language\\vendor\\laravel\\framework\\src\\Illuminate\\Container\\Container.php(877): ReflectionClass->__construct('App\\\\Http\\\\Contro...')
#1 C:\\xampp\\htdocs\\language\\vendor\\laravel\\framework\\src\\Illuminate\\Container\\Container.php(758): Illuminate\\Container\\Container->build('App\\\\Http\\\\Contro...')
#2 C:\\xampp\\htdocs\\language\\vendor\\laravel\\framework\\src\\Illuminate\\Foundation\\Application.php(851): Illuminate\\Container\\Container->resolve('App\\\\Http\\\\Contro...', Array, true)
#3 C:\\xampp\\htdocs\\language\\vendor\\laravel\\framework\\src\\Illuminate\\Container\\Container.php(694): Illuminate\\Foundation\\Application->resolve('App\\\\Http\\\\Contro...', Array)
#4 C:\\xampp\\htdocs\\language\\vendor\\laravel\\framework\\src\\Illuminate\\Foundation\\Application.php(836): Illuminate\\Container\\Container->make('App\\\\Http\\\\Contro...', Array)
#5 C:\\xampp\\htdocs\\language\\vendor\\laravel\\framework\\src\\Illuminate\\Routing\\Route.php(276): Illuminate\\Foundation\\Application->make('App\\\\Http\\\\Contro...')
#6 C:\\xampp\\htdocs\\language\\vendor\\laravel\\framework\\src\\Illuminate\\Routing\\Route.php(1080): Illuminate\\Routing\\Route->getController()
#7 C:\\xampp\\htdocs\\language\\vendor\\laravel\\framework\\src\\Illuminate\\Routing\\Route.php(1023): Illuminate\\Routing\\Route->controllerMiddleware()
#8 C:\\xampp\\htdocs\\language\\vendor\\laravel\\framework\\src\\Illuminate\\Routing\\Router.php(734): Illuminate\\Routing\\Route->gatherMiddleware()
#9 C:\\xampp\\htdocs\\language\\vendor\\laravel\\framework\\src\\Illuminate\\Routing\\Router.php(714): Illuminate\\Routing\\Router->gatherRouteMiddleware(Object(Illuminate\\Routing\\Route))
#10 C:\\xampp\\htdocs\\language\\vendor\\laravel\\framework\\src\\Illuminate\\Routing\\Router.php(698): Illuminate\\Routing\\Router->runRouteWithinStack(Object(Illuminate\\Routing\\Route), Object(Illuminate\\Http\\Request))
#11 C:\\xampp\\htdocs\\language\\vendor\\laravel\\framework\\src\\Illuminate\\Routing\\Router.php(662): Illuminate\\Routing\\Router->runRoute(Object(Illuminate\\Http\\Request), Object(Illuminate\\Routing\\Route))
#12 C:\\xampp\\htdocs\\language\\vendor\\laravel\\framework\\src\\Illuminate\\Routing\\Router.php(651): Illuminate\\Routing\\Router->dispatchToRoute(Object(Illuminate\\Http\\Request))
#13 C:\\xampp\\htdocs\\language\\vendor\\laravel\\framework\\src\\Illuminate\\Foundation\\Http\\Kernel.php(167): Illuminate\\Routing\\Router->dispatch(Object(Illuminate\\Http\\Request))
#14 C:\\xampp\\htdocs\\language\\vendor\\laravel\\framework\\src\\Illuminate\\Pipeline\\Pipeline.php(128): Illuminate\\Foundation\\Http\\Kernel->Illuminate\\Foundation\\Http\\{closure}(Object(Illuminate\\Http\\Request))
#15 C:\\xampp\\htdocs\\language\\vendor\\barryvdh\\laravel-debugbar\\src\\Middleware\\InjectDebugbar.php(59): Illuminate\\Pipeline\\Pipeline->Illuminate\\Pipeline\\{closure}(Object(Illuminate\\Http\\Request))
#16 C:\\xampp\\htdocs\\language\\vendor\\laravel\\framework\\src\\Illuminate\\Pipeline\\Pipeline.php(167): Barryvdh\\Debugbar\\Middleware\\InjectDebugbar->handle(Object(Illuminate\\Http\\Request), Object(Closure))
#17 C:\\xampp\\htdocs\\language\\vendor\\laravel\\framework\\src\\Illuminate\\View\\Middleware\\ShareErrorsFromSession.php(49): Illuminate\\Pipeline\\Pipeline->Illuminate\\Pipeline\\{closure}(Object(Illuminate\\Http\\Request))
#18 C:\\xampp\\htdocs\\language\\vendor\\laravel\\framework\\src\\Illuminate\\Pipeline\\Pipeline.php(167): Illuminate\\View\\Middleware\\ShareErrorsFromSession->handle(Object(Illuminate\\Http\\Request), Object(Closure))
#19 C:\\xampp\\htdocs\\language\\vendor\\laravel\\framework\\src\\Illuminate\\Session\\Middleware\\StartSession.php(121): Illuminate\\Pipeline\\Pipeline->Illuminate\\Pipeline\\{closure}(Object(Illuminate\\Http\\Request))
#20 C:\\xampp\\htdocs\\language\\vendor\\laravel\\framework\\src\\Illuminate\\Session\\Middleware\\StartSession.php(64): Illuminate\\Session\\Middleware\\StartSession->handleStatefulRequest(Object(Illuminate\\Http\\Request), Object(Illuminate\\Session\\Store), Object(Closure))
#21 C:\\xampp\\htdocs\\language\\vendor\\laravel\\framework\\src\\Illuminate\\Pipeline\\Pipeline.php(167): Illuminate\\Session\\Middleware\\StartSession->handle(Object(Illuminate\\Http\\Request), Object(Closure))
#22 C:\\xampp\\htdocs\\language\\vendor\\fideloper\\proxy\\src\\TrustProxies.php(57): Illuminate\\Pipeline\\Pipeline->Illuminate\\Pipeline\\{closure}(Object(Illuminate\\Http\\Request))
#23 C:\\xampp\\htdocs\\language\\vendor\\laravel\\framework\\src\\Illuminate\\Pipeline\\Pipeline.php(167): Fideloper\\Proxy\\TrustProxies->handle(Object(Illuminate\\Http\\Request), Object(Closure))
#24 C:\\xampp\\htdocs\\language\\vendor\\laravel\\framework\\src\\Illuminate\\Foundation\\Http\\Middleware\\TransformsRequest.php(21): Illuminate\\Pipeline\\Pipeline->Illuminate\\Pipeline\\{closure}(Object(Illuminate\\Http\\Request))
#25 C:\\xampp\\htdocs\\language\\vendor\\laravel\\framework\\src\\Illuminate\\Foundation\\Http\\Middleware\\ConvertEmptyStringsToNull.php(31): Illuminate\\Foundation\\Http\\Middleware\\TransformsRequest->handle(Object(Illuminate\\Http\\Request), Object(Closure))
#26 C:\\xampp\\htdocs\\language\\vendor\\laravel\\framework\\src\\Illuminate\\Pipeline\\Pipeline.php(167): Illuminate\\Foundation\\Http\\Middleware\\ConvertEmptyStringsToNull->handle(Object(Illuminate\\Http\\Request), Object(Closure))
#27 C:\\xampp\\htdocs\\language\\vendor\\laravel\\framework\\src\\Illuminate\\Foundation\\Http\\Middleware\\TransformsRequest.php(21): Illuminate\\Pipeline\\Pipeline->Illuminate\\Pipeline\\{closure}(Object(Illuminate\\Http\\Request))
#28 C:\\xampp\\htdocs\\language\\vendor\\laravel\\framework\\src\\Illuminate\\Foundation\\Http\\Middleware\\TrimStrings.php(40): Illuminate\\Foundation\\Http\\Middleware\\TransformsRequest->handle(Object(Illuminate\\Http\\Request), Object(Closure))
#29 C:\\xampp\\htdocs\\language\\vendor\\laravel\\framework\\src\\Illuminate\\Pipeline\\Pipeline.php(167): Illuminate\\Foundation\\Http\\Middleware\\TrimStrings->handle(Object(Illuminate\\Http\\Request), Object(Closure))
#30 C:\\xampp\\htdocs\\language\\vendor\\laravel\\framework\\src\\Illuminate\\Foundation\\Http\\Middleware\\ValidatePostSize.php(27): Illuminate\\Pipeline\\Pipeline->Illuminate\\Pipeline\\{closure}(Object(Illuminate\\Http\\Request))
#31 C:\\xampp\\htdocs\\language\\vendor\\laravel\\framework\\src\\Illuminate\\Pipeline\\Pipeline.php(167): Illuminate\\Foundation\\Http\\Middleware\\ValidatePostSize->handle(Object(Illuminate\\Http\\Request), Object(Closure))
#32 C:\\xampp\\htdocs\\language\\vendor\\laravel\\framework\\src\\Illuminate\\Foundation\\Http\\Middleware\\PreventRequestsDuringMaintenance.php(86): Illuminate\\Pipeline\\Pipeline->Illuminate\\Pipeline\\{closure}(Object(Illuminate\\Http\\Request))
#33 C:\\xampp\\htdocs\\language\\vendor\\laravel\\framework\\src\\Illuminate\\Pipeline\\Pipeline.php(167): Illuminate\\Foundation\\Http\\Middleware\\PreventRequestsDuringMaintenance->handle(Object(Illuminate\\Http\\Request), Object(Closure))
#34 C:\\xampp\\htdocs\\language\\vendor\\laravel\\framework\\src\\Illuminate\\Pipeline\\Pipeline.php(103): Illuminate\\Pipeline\\Pipeline->Illuminate\\Pipeline\\{closure}(Object(Illuminate\\Http\\Request))
#35 C:\\xampp\\htdocs\\language\\vendor\\laravel\\framework\\src\\Illuminate\\Foundation\\Http\\Kernel.php(142): Illuminate\\Pipeline\\Pipeline->then(Object(Closure))
#36 C:\\xampp\\htdocs\\language\\vendor\\laravel\\framework\\src\\Illuminate\\Foundation\\Http\\Kernel.php(111): Illuminate\\Foundation\\Http\\Kernel->sendRequestThroughRouter(Object(Illuminate\\Http\\Request))
#37 C:\\xampp\\htdocs\\language\\public\\index.php(59): Illuminate\\Foundation\\Http\\Kernel->handle(Object(Illuminate\\Http\\Request))
#38 C:\\xampp\\htdocs\\language\\server.php(19): require_once('C:\\\\xampp\\\\htdocs...')
#39 {main}
"} 
[16-04-24 14:48:43] local.INFO: {"id":45,"uuid":"8bf08c04-6cdf-4e16-81ea-67106f62cb42","first_name":"as","last_name":"as","email":"rirdogikno@gufum.com","dob":null,"phone":null,"gender":null,"address":null,"city":null,"pincode":null,"state":null,"country":null,"avatar_type":"gravatar","avatar_location":null,"password_changed_at":null,"active":true,"confirmation_code":null,"confirmed":true,"timezone":null,"last_login_at":"2028-02-24T07:03:19.000000Z","last_login_ip":"127.0.0.1","created_at":"2028-02-24T06:17:43.000000Z","updated_at":"2028-02-24T07:03:19.000000Z","deleted_at":null,"stripe_id":null,"card_brand":null,"card_last_four":null,"trial_ends_at":null,"full_name":"as as","image":"https:\/\/www.gravatar.com\/avatar\/ded267a347adea5c5a8f11c551fa7a25.jpg?s=80&d=mm&r=g","roles":[{"id":3,"name":"student","guard_name":"web","created_at":"2024-02-06T03:46:23.000000Z","updated_at":"2024-02-06T03:46:23.000000Z","pivot":{"model_id":45,"role_id":3,"model_type":"App\\Models\\Auth\\User"}}],"permissions":[],"providers":[]}  
[16-04-24 14:48:43] local.INFO: {"id":44,"uuid":"c13ed994-a234-4c32-ab0d-094bced0265e","first_name":"s","last_name":"s","email":"rortihedru@gufum.com","dob":null,"phone":null,"gender":null,"address":null,"city":null,"pincode":null,"state":null,"country":null,"avatar_type":"gravatar","avatar_location":null,"password_changed_at":null,"active":true,"confirmation_code":null,"confirmed":true,"timezone":null,"last_login_at":"2028-02-24T05:33:04.000000Z","last_login_ip":"127.0.0.1","created_at":"2028-02-24T05:32:56.000000Z","updated_at":"2028-02-24T05:33:04.000000Z","deleted_at":null,"stripe_id":null,"card_brand":null,"card_last_four":null,"trial_ends_at":null,"full_name":"s s","image":"https:\/\/www.gravatar.com\/avatar\/e1354f3c8b95244591cf475690afef26.jpg?s=80&d=mm&r=g","roles":[{"id":3,"name":"student","guard_name":"web","created_at":"2024-02-06T03:46:23.000000Z","updated_at":"2024-02-06T03:46:23.000000Z","pivot":{"model_id":44,"role_id":3,"model_type":"App\\Models\\Auth\\User"}}],"permissions":[],"providers":[]}  
[16-04-24 14:48:43] local.INFO: {"id":43,"uuid":"c143ba6e-cc8c-4e80-bc5b-55c290f62955","first_name":"a","last_name":"a","email":"lncnbewkuc@localjobsnearme.com","dob":null,"phone":null,"gender":null,"address":null,"city":null,"pincode":null,"state":null,"country":null,"avatar_type":"gravatar","avatar_location":null,"password_changed_at":null,"active":true,"confirmation_code":null,"confirmed":true,"timezone":null,"last_login_at":"2029-02-24T03:18:53.000000Z","last_login_ip":"127.0.0.1","created_at":"2024-02-20T22:57:37.000000Z","updated_at":"2029-02-24T03:18:53.000000Z","deleted_at":null,"stripe_id":null,"card_brand":null,"card_last_four":null,"trial_ends_at":null,"full_name":"a a","image":"https:\/\/www.gravatar.com\/avatar\/95d37ea6f4fa43b397bde91c4ee06587.jpg?s=80&d=mm&r=g","roles":[{"id":3,"name":"student","guard_name":"web","created_at":"2024-02-06T03:46:23.000000Z","updated_at":"2024-02-06T03:46:23.000000Z","pivot":{"model_id":43,"role_id":3,"model_type":"App\\Models\\Auth\\User"}}],"permissions":[],"providers":[]}  
[16-04-24 14:48:43] local.INFO: {"id":42,"uuid":"aff834f2-c8dc-4819-b2da-65826f3e4c68","first_name":"as","last_name":"asd","email":"vzgollgeemtqgbv@localjobsnearme.com","dob":null,"phone":null,"gender":null,"address":null,"city":null,"pincode":null,"state":null,"country":null,"avatar_type":"gravatar","avatar_location":null,"password_changed_at":null,"active":true,"confirmation_code":null,"confirmed":true,"timezone":null,"last_login_at":"2024-02-20T22:24:23.000000Z","last_login_ip":"127.0.0.1","created_at":"2024-02-20T00:57:44.000000Z","updated_at":"2024-02-20T22:24:23.000000Z","deleted_at":null,"stripe_id":null,"card_brand":null,"card_last_four":null,"trial_ends_at":null,"full_name":"as asd","image":"https:\/\/www.gravatar.com\/avatar\/ffed831e71eae10f183ce6c117e4c419.jpg?s=80&d=mm&r=g","roles":[{"id":3,"name":"student","guard_name":"web","created_at":"2024-02-06T03:46:23.000000Z","updated_at":"2024-02-06T03:46:23.000000Z","pivot":{"model_id":42,"role_id":3,"model_type":"App\\Models\\Auth\\User"}}],"permissions":[],"providers":[]}  
[16-04-24 14:48:43] local.INFO: {"id":41,"uuid":"53120f7f-cc3a-48f7-8a8d-66b4641a6556","first_name":"asd","last_name":"asd","email":"nerkacitru@gufum.com","dob":null,"phone":null,"gender":null,"address":null,"city":null,"pincode":null,"state":null,"country":null,"avatar_type":"gravatar","avatar_location":null,"password_changed_at":null,"active":true,"confirmation_code":null,"confirmed":true,"timezone":null,"last_login_at":"2024-02-20T00:55:47.000000Z","last_login_ip":"127.0.0.1","created_at":"2024-02-20T00:55:38.000000Z","updated_at":"2024-02-20T00:55:47.000000Z","deleted_at":null,"stripe_id":null,"card_brand":null,"card_last_four":null,"trial_ends_at":null,"full_name":"asd asd","image":"https:\/\/www.gravatar.com\/avatar\/96cfff9af2f15dcff7b6ecc2270d8dd5.jpg?s=80&d=mm&r=g","roles":[{"id":3,"name":"student","guard_name":"web","created_at":"2024-02-06T03:46:23.000000Z","updated_at":"2024-02-06T03:46:23.000000Z","pivot":{"model_id":41,"role_id":3,"model_type":"App\\Models\\Auth\\User"}}],"permissions":[],"providers":[]}  
[16-04-24 14:48:43] local.INFO: {"id":40,"uuid":"8bfcd05c-2f38-40f6-8545-8a0ce0e302f4","first_name":"s","last_name":"s","email":"darkamerzu@gufum.com","dob":null,"phone":null,"gender":null,"address":null,"city":null,"pincode":null,"state":null,"country":null,"avatar_type":"gravatar","avatar_location":null,"password_changed_at":null,"active":true,"confirmation_code":null,"confirmed":true,"timezone":null,"last_login_at":"2024-02-19T06:34:44.000000Z","last_login_ip":"127.0.0.1","created_at":"2024-02-19T05:58:47.000000Z","updated_at":"2024-02-19T06:34:44.000000Z","deleted_at":null,"stripe_id":null,"card_brand":null,"card_last_four":null,"trial_ends_at":null,"full_name":"s s","image":"https:\/\/www.gravatar.com\/avatar\/0185c2e42c834497240f9541de501aca.jpg?s=80&d=mm&r=g","roles":[{"id":3,"name":"student","guard_name":"web","created_at":"2024-02-06T03:46:23.000000Z","updated_at":"2024-02-06T03:46:23.000000Z","pivot":{"model_id":40,"role_id":3,"model_type":"App\\Models\\Auth\\User"}}],"permissions":[],"providers":[]}  
[16-04-24 14:48:43] local.INFO: {"id":39,"uuid":"9bb8f11d-1588-447e-a6bf-9f26f0413dcd","first_name":"asdasd","last_name":"gsdsdfasf","email":"tadvrvxpisizt@logodesignex.com","dob":null,"phone":null,"gender":null,"address":null,"city":null,"pincode":null,"state":null,"country":null,"avatar_type":"gravatar","avatar_location":null,"password_changed_at":null,"active":true,"confirmation_code":null,"confirmed":true,"timezone":null,"last_login_at":"2024-02-20T00:43:54.000000Z","last_login_ip":"127.0.0.1","created_at":"2024-02-19T05:31:18.000000Z","updated_at":"2024-02-20T00:43:54.000000Z","deleted_at":null,"stripe_id":null,"card_brand":null,"card_last_four":null,"trial_ends_at":null,"full_name":"asdasd gsdsdfasf","image":"https:\/\/www.gravatar.com\/avatar\/6dd3c067476f8cb92a294a2017ac1602.jpg?s=80&d=mm&r=g","roles":[{"id":3,"name":"student","guard_name":"web","created_at":"2024-02-06T03:46:23.000000Z","updated_at":"2024-02-06T03:46:23.000000Z","pivot":{"model_id":39,"role_id":3,"model_type":"App\\Models\\Auth\\User"}}],"permissions":[],"providers":[]}  
[16-04-24 14:48:43] local.INFO: {"id":38,"uuid":"fa45a1c9-94e0-4ee2-90a0-7203b2cbf2b1","first_name":"a","last_name":"a","email":"buydohulma@gufum.com","dob":null,"phone":null,"gender":null,"address":null,"city":null,"pincode":null,"state":null,"country":null,"avatar_type":"gravatar","avatar_location":null,"password_changed_at":null,"active":true,"confirmation_code":null,"confirmed":true,"timezone":null,"last_login_at":"2024-02-18T22:21:04.000000Z","last_login_ip":"127.0.0.1","created_at":"2024-02-18T22:20:54.000000Z","updated_at":"2024-02-18T22:21:04.000000Z","deleted_at":null,"stripe_id":null,"card_brand":null,"card_last_four":null,"trial_ends_at":null,"full_name":"a a","image":"https:\/\/www.gravatar.com\/avatar\/eb9be2e80adc6c53405883fee4807e6f.jpg?s=80&d=mm&r=g","roles":[{"id":3,"name":"student","guard_name":"web","created_at":"2024-02-06T03:46:23.000000Z","updated_at":"2024-02-06T03:46:23.000000Z","pivot":{"model_id":38,"role_id":3,"model_type":"App\\Models\\Auth\\User"}}],"permissions":[],"providers":[]}  
[16-04-24 14:48:43] local.INFO: {"id":37,"uuid":"92c4c821-3ea4-4632-989a-52db5a28186e","first_name":"jefferson","last_name":"danilson","email":"frqwrtxwhcxagz@localjobsnearme.com","dob":null,"phone":null,"gender":null,"address":null,"city":null,"pincode":null,"state":null,"country":null,"avatar_type":"gravatar","avatar_location":null,"password_changed_at":null,"active":true,"confirmation_code":null,"confirmed":true,"timezone":null,"last_login_at":"2024-02-19T00:04:24.000000Z","last_login_ip":"127.0.0.1","created_at":"2024-02-16T06:46:59.000000Z","updated_at":"2024-02-19T00:04:24.000000Z","deleted_at":null,"stripe_id":null,"card_brand":null,"card_last_four":null,"trial_ends_at":null,"full_name":"jefferson danilson","image":"https:\/\/www.gravatar.com\/avatar\/3dbfa97948113c19e474536b70889b3a.jpg?s=80&d=mm&r=g","roles":[{"id":3,"name":"student","guard_name":"web","created_at":"2024-02-06T03:46:23.000000Z","updated_at":"2024-02-06T03:46:23.000000Z","pivot":{"model_id":37,"role_id":3,"model_type":"App\\Models\\Auth\\User"}}],"permissions":[],"providers":[]}  
[16-04-24 14:48:43] local.INFO: {"id":36,"uuid":"f01f0b46-d1c8-4ad6-91a2-fb91a93e67cb","first_name":"a","last_name":"a","email":"wohbhapusdve@localjobsnearme.com","dob":null,"phone":null,"gender":null,"address":null,"city":null,"pincode":null,"state":null,"country":null,"avatar_type":"gravatar","avatar_location":null,"password_changed_at":null,"active":true,"confirmation_code":null,"confirmed":true,"timezone":null,"last_login_at":"2024-02-16T06:45:59.000000Z","last_login_ip":"127.0.0.1","created_at":"2024-02-16T01:38:46.000000Z","updated_at":"2024-02-16T06:45:59.000000Z","deleted_at":null,"stripe_id":null,"card_brand":null,"card_last_four":null,"trial_ends_at":null,"full_name":"a a","image":"https:\/\/www.gravatar.com\/avatar\/b4bbbceb57ee54546e382a084bba521d.jpg?s=80&d=mm&r=g","roles":[{"id":3,"name":"student","guard_name":"web","created_at":"2024-02-06T03:46:23.000000Z","updated_at":"2024-02-06T03:46:23.000000Z","pivot":{"model_id":36,"role_id":3,"model_type":"App\\Models\\Auth\\User"}}],"permissions":[],"providers":[]}  
